<?xml version="1.0" encoding="UTF-8"?>
<testsuite name="RepositoryTest" tests="8" skipped="0" failures="0" errors="0" timestamp="2020-05-14T14:57:48" hostname="Simons-MBP.broadband" time="4.859">
  <properties/>
  <testcase name=" Adding a booking to the database-#testId" classname="RepositoryTest" time="3.145"/>
  <testcase name=" Adding a business to the database-#testId" classname="RepositoryTest" time="0.138"/>
  <testcase name=" Adding a day to the database-#testId" classname="RepositoryTest" time="0.301"/>
  <testcase name=" Adding a holiday to the database-#testId" classname="RepositoryTest" time="0.187"/>
  <testcase name=" Adding a role to the database-#testId" classname="RepositoryTest" time="0.224"/>
  <testcase name=" Adding a rota to the database-#testId" classname="RepositoryTest" time="0.228"/>
  <testcase name=" Adding a shift to the database-#testId" classname="RepositoryTest" time="0.12"/>
  <testcase name=" Adding a user to the database-#testId" classname="RepositoryTest" time="0.507"/>
  <system-out><![CDATA[2020-05-14 15:57:48.259  INFO 34594 --- [    Test worker] .b.t.c.SpringBootTestContextBootstrapper : Neither @ContextConfiguration nor @ContextHierarchy found for test class [RepositoryTest], using SpringBootContextLoader
2020-05-14 15:57:48.260  INFO 34594 --- [    Test worker] o.s.t.c.support.AbstractContextLoader    : Could not detect default resource locations for test class [RepositoryTest]: no resource found for suffixes {-context.xml, Context.groovy}.
2020-05-14 15:57:48.293  INFO 34594 --- [    Test worker] .b.t.c.SpringBootTestContextBootstrapper : Loaded default TestExecutionListener class names from location [META-INF/spring.factories]: [org.springframework.security.test.context.support.WithSecurityContextTestExecutionListener, org.springframework.boot.test.autoconfigure.restdocs.RestDocsTestExecutionListener, org.springframework.boot.test.autoconfigure.web.client.MockRestServiceServerResetTestExecutionListener, org.springframework.boot.test.autoconfigure.web.servlet.MockMvcPrintOnlyOnFailureTestExecutionListener, org.springframework.boot.test.autoconfigure.web.servlet.WebDriverTestExecutionListener, org.springframework.boot.test.mock.mockito.MockitoTestExecutionListener, org.springframework.boot.test.mock.mockito.ResetMocksTestExecutionListener, org.springframework.test.context.web.ServletTestExecutionListener, org.springframework.test.context.support.DirtiesContextBeforeModesTestExecutionListener, org.springframework.test.context.support.DependencyInjectionTestExecutionListener, org.springframework.test.context.support.DirtiesContextTestExecutionListener, org.springframework.test.context.transaction.TransactionalTestExecutionListener, org.springframework.test.context.jdbc.SqlScriptsTestExecutionListener]
2020-05-14 15:57:48.295  INFO 34594 --- [    Test worker] .b.t.c.SpringBootTestContextBootstrapper : Using TestExecutionListeners: [org.springframework.test.context.web.ServletTestExecutionListener@1b4b0639, org.springframework.test.context.support.DirtiesContextBeforeModesTestExecutionListener@b4b2ba3, org.springframework.boot.test.autoconfigure.SpringBootDependencyInjectionTestExecutionListener@51e67624, org.springframework.test.context.support.DirtiesContextTestExecutionListener@47ce9033, org.springframework.test.context.transaction.TransactionalTestExecutionListener@4773c3d, org.springframework.test.context.jdbc.SqlScriptsTestExecutionListener@56b31923, org.springframework.security.test.context.support.WithSecurityContextTestExecutionListener@34060287, org.springframework.boot.test.autoconfigure.restdocs.RestDocsTestExecutionListener@7fa433c, org.springframework.boot.test.autoconfigure.web.client.MockRestServiceServerResetTestExecutionListener@3ad1112a, org.springframework.boot.test.autoconfigure.web.servlet.MockMvcPrintOnlyOnFailureTestExecutionListener@74e56d52, org.springframework.boot.test.autoconfigure.web.servlet.WebDriverTestExecutionListener@70f34b73, org.springframework.boot.test.mock.mockito.MockitoTestExecutionListener@254505f2, org.springframework.boot.test.mock.mockito.ResetMocksTestExecutionListener@17af1831]

  .   ____          _            __ _ _
 /\\ / ___'_ __ _ _(_)_ __  __ _ \ \ \ \
( ( )\___ | '_ | '_| | '_ \/ _` | \ \ \ \
 \\/  ___)| |_)| | | | | || (_| |  ) ) ) )
  '  |____| .__|_| |_|_| |_\__, | / / / /
 =========|_|==============|___/=/_/_/_/
 :: Spring Boot ::       (v1.5.10.RELEASE)

2020-05-14 15:57:48.484  WARN 34594 --- [    Test worker] ory$DuplicateJsonObjectContextCustomizer : 

Found multiple occurrences of org.json.JSONObject on the class path:

	jar:file:/Users/simonfkings/.gradle/caches/modules-2/files-2.1/org.json/json/20171018/36ced462c97f0845b4a7b266a25cebe95d18baa3/json-20171018.jar!/org/json/JSONObject.class
	jar:file:/Users/simonfkings/.gradle/caches/modules-2/files-2.1/com.vaadin.external.google/android-json/0.0.20131108.vaadin1/fa26d351fe62a6a17f5cda1287c1c6110dec413f/android-json-0.0.20131108.vaadin1.jar!/org/json/JSONObject.class

You may wish to exclude one of them to ensure predictable runtime behavior

2020-05-14 15:57:48.485  INFO 34594 --- [    Test worker] RepositoryTest                           : Starting RepositoryTest on Simons-MBP.broadband with PID 34594 (/Users/simonfkings/svn/sfk7/code/trunk/build/classes/groovy/test started by simonfkings in /Users/simonfkings/svn/sfk7/code/trunk)
2020-05-14 15:57:48.485  INFO 34594 --- [    Test worker] RepositoryTest                           : No active profile set, falling back to default profiles: default
2020-05-14 15:57:48.487  INFO 34594 --- [    Test worker] o.s.w.c.s.GenericWebApplicationContext   : Refreshing org.springframework.web.context.support.GenericWebApplicationContext@23b3ebcf: startup date [Thu May 14 15:57:48 BST 2020]; root of context hierarchy
2020-05-14 15:57:48.821  INFO 34594 --- [    Test worker] beddedDataSourceBeanFactoryPostProcessor : Replacing 'dataSource' DataSource bean with embedded version
2020-05-14 15:57:48.824  INFO 34594 --- [    Test worker] o.s.b.f.s.DefaultListableBeanFactory     : Overriding bean definition for bean 'dataSource' with a different definition: replacing [Root bean: class [null]; scope=; abstract=false; lazyInit=false; autowireMode=3; dependencyCheck=0; autowireCandidate=true; primary=false; factoryBeanName=org.springframework.boot.autoconfigure.jdbc.DataSourceConfiguration$Tomcat; factoryMethodName=dataSource; initMethodName=null; destroyMethodName=(inferred); defined in class path resource [org/springframework/boot/autoconfigure/jdbc/DataSourceConfiguration$Tomcat.class]] with [Root bean: class [org.springframework.boot.test.autoconfigure.jdbc.TestDatabaseAutoConfiguration$EmbeddedDataSourceFactoryBean]; scope=; abstract=false; lazyInit=false; autowireMode=0; dependencyCheck=0; autowireCandidate=true; primary=false; factoryBeanName=null; factoryMethodName=null; initMethodName=null; destroyMethodName=null]
2020-05-14 15:57:48.988  INFO 34594 --- [    Test worker] o.s.j.d.e.EmbeddedDatabaseFactory        : Starting embedded database: url='jdbc:h2:mem:a56fa1a4-658f-4b97-902f-d1a35d7c944f;DB_CLOSE_DELAY=-1;DB_CLOSE_ON_EXIT=false', username='sa'
2020-05-14 15:57:49.171  INFO 34594 --- [    Test worker] j.LocalContainerEntityManagerFactoryBean : Building JPA container EntityManagerFactory for persistence unit 'default'
2020-05-14 15:57:49.172  INFO 34594 --- [    Test worker] o.hibernate.jpa.internal.util.LogHelper  : HHH000204: Processing PersistenceUnitInfo [
	name: default
	...]
2020-05-14 15:57:49.182  INFO 34594 --- [    Test worker] org.hibernate.dialect.Dialect            : HHH000400: Using dialect: org.hibernate.dialect.H2Dialect
2020-05-14 15:57:49.338  INFO 34594 --- [    Test worker] org.hibernate.tool.hbm2ddl.SchemaExport  : HHH000227: Running hbm2ddl schema export
Hibernate: drop table availability if exists
Hibernate: drop table booking if exists
Hibernate: drop table business if exists
Hibernate: drop table days if exists
Hibernate: drop table holiday if exists
Hibernate: drop table roles if exists
Hibernate: drop table rota if exists
Hibernate: drop table shifts if exists
Hibernate: drop table shift_types if exists
Hibernate: drop table users if exists
Hibernate: create table availability (id integer generated by default as identity, fri integer not null, mon integer not null, sat integer not null, sun integer not null, thu integer not null, tue integer not null, wed integer not null, primary key (id))
Hibernate: create table booking (id integer generated by default as identity, customer varchar(255), date timestamp, date_string varchar(255), description varchar(255), end_time varchar(255), start_time varchar(255), business_id integer, primary key (id))
Hibernate: create table business (id integer generated by default as identity, city varchar(255), country varchar(255), name varchar(255), primary key (id))
Hibernate: create table days (id integer generated by default as identity, api_called boolean not null, bank_holiday boolean not null, bank_holiday_title varchar(255), date timestamp, no_bookings integer not null, pop integer not null, temp double not null, weather_des varchar(255), rota_id integer, primary key (id))
Hibernate: create table holiday (id integer generated by default as identity, accepted boolean not null, end_date timestamp, end_dates varchar(255), start_date timestamp, start_dates varchar(255), user_id integer, primary key (id))
Hibernate: create table roles (id integer not null, role varchar(255), primary key (id))
Hibernate: create table rota (id integer generated by default as identity, week_num integer not null, year integer not null, business_id integer, primary key (id))
Hibernate: create table shifts (id integer generated by default as identity, on_holiday boolean not null, shift_end varchar(255), shift_start varchar(255), day_id integer, user_id integer, primary key (id))
Hibernate: create table shift_types (business_id integer not null, shift_types varchar(255))
Hibernate: create table users (id integer generated by default as identity, confirm_password varchar(255), dob binary(255), email varchar(255), forename varchar(255), job_title varchar(255), lastname varchar(255), password varchar(255), password_change boolean not null, phone_num varchar(255), salary varchar(255), availability_id integer, business_id integer, role_id integer, primary key (id))
Hibernate: alter table booking add constraint FKobmwu8k3vy9wipq6ts6hteggf foreign key (business_id) references business
Hibernate: alter table days add constraint FKjgu2y4itik5si8cjdsj03oleo foreign key (rota_id) references rota
Hibernate: alter table holiday add constraint FKlob7r339h3li7twmfy32rn99a foreign key (user_id) references users
Hibernate: alter table rota add constraint FK3k084s19po0tq02elwxxu110r foreign key (business_id) references business
Hibernate: alter table shifts add constraint FKqluv1f58e1e7j2pf0d5tcljf4 foreign key (day_id) references days
Hibernate: alter table shifts add constraint FK3dq4k4tt0x91h7kkabwrrkyho foreign key (user_id) references users
Hibernate: alter table shift_types add constraint FKf1qo2e3la5vjbynbwvy5bq5nd foreign key (business_id) references business
Hibernate: alter table users add constraint FKqjsci4umgx5r0aa1ho9bnyk0s foreign key (availability_id) references availability
Hibernate: alter table users add constraint FKs7pjtpb8202t5m7oenam4uyas foreign key (business_id) references business
Hibernate: alter table users add constraint FKp56c1712k691lhsyewcssf40f foreign key (role_id) references roles
2020-05-14 15:57:49.391  INFO 34594 --- [    Test worker] org.hibernate.tool.hbm2ddl.SchemaExport  : HHH000230: Schema export complete
2020-05-14 15:57:49.403  WARN 34594 --- [    Test worker] o.h.j.i.EntityManagerFactoryRegistry     : HHH000436: Entity manager factory name (default) is already registered.  If entity manager will be clustered or passivated, specify a unique value for property 'hibernate.ejb.entitymanager_factory_name'
2020-05-14 15:57:49.403  INFO 34594 --- [    Test worker] j.LocalContainerEntityManagerFactoryBean : Initialized JPA EntityManagerFactory for persistence unit 'default'
Hibernate: insert into availability (id, fri, mon, sat, sun, thu, tue, wed) values (null, ?, ?, ?, ?, ?, ?, ?)
Hibernate: insert into business (id, city, country, name) values (null, ?, ?, ?)
Hibernate: insert into roles (role, id) values (?, ?)
Hibernate: insert into users (id, availability_id, business_id, confirm_password, dob, email, forename, job_title, lastname, password, password_change, phone_num, role_id, salary) values (null, ?, ?, ?, ?, ?, ?, ?, ?, ?, ?, ?, ?, ?)
Hibernate: insert into availability (id, fri, mon, sat, sun, thu, tue, wed) values (null, ?, ?, ?, ?, ?, ?, ?)
Hibernate: insert into roles (role, id) values (?, ?)
Hibernate: insert into users (id, availability_id, business_id, confirm_password, dob, email, forename, job_title, lastname, password, password_change, phone_num, role_id, salary) values (null, ?, ?, ?, ?, ?, ?, ?, ?, ?, ?, ?, ?, ?)
2020-05-14 15:57:50.971  INFO 34594 --- [    Test worker] RepositoryTest                           : Started RepositoryTest in 2.664 seconds (JVM running for 37.334)
2020-05-14 15:57:51.241  INFO 34594 --- [    Test worker] o.s.t.c.transaction.TransactionContext   : Began transaction (1) for test context [DefaultTestContext@48e2a96c testClass = RepositoryTest, testInstance = RepositoryTest@288c21b8, testMethod = $spock_feature_0_0@RepositoryTest, testException = [null], mergedContextConfiguration = [WebMergedContextConfiguration@2d877f25 testClass = RepositoryTest, locations = '{}', classes = '{class autorota.AutorotaApplication, class autorota.AutorotaApplication}', contextInitializerClasses = '[]', activeProfiles = '{}', propertySourceLocations = '{}', propertySourceProperties = '{org.springframework.boot.test.context.SpringBootTestContextBootstrapper=true}', contextCustomizers = set[org.springframework.boot.test.autoconfigure.OverrideAutoConfigurationContextCustomizerFactory$DisableAutoConfigurationContextCustomizer@7c48a24d, org.springframework.boot.test.autoconfigure.filter.TypeExcludeFiltersContextCustomizer@351584c0, org.springframework.boot.test.autoconfigure.properties.PropertyMappingContextCustomizer@1e471502, org.springframework.boot.test.autoconfigure.web.servlet.WebDriverContextCustomizerFactory$Customizer@68fa43c3, [ImportsContextCustomizer@3b2f028b key = [org.springframework.boot.autoconfigure.cache.CacheAutoConfiguration, org.springframework.boot.autoconfigure.data.jpa.JpaRepositoriesAutoConfiguration, org.springframework.boot.autoconfigure.flyway.FlywayAutoConfiguration, org.springframework.boot.autoconfigure.jdbc.DataSourceAutoConfiguration, org.springframework.boot.autoconfigure.jdbc.DataSourceTransactionManagerAutoConfiguration, org.springframework.boot.autoconfigure.jdbc.JdbcTemplateAutoConfiguration, org.springframework.boot.autoconfigure.liquibase.LiquibaseAutoConfiguration, org.springframework.boot.autoconfigure.orm.jpa.HibernateJpaAutoConfiguration, org.springframework.boot.autoconfigure.transaction.TransactionAutoConfiguration, org.springframework.boot.test.autoconfigure.jdbc.TestDatabaseAutoConfiguration, org.springframework.boot.test.autoconfigure.orm.jpa.TestEntityManagerAutoConfiguration]], org.springframework.boot.test.context.SpringBootTestContextCustomizer@2989d4a, org.springframework.boot.test.context.filter.ExcludeFilterContextCustomizer@53c225b2, org.springframework.boot.test.json.DuplicateJsonObjectContextCustomizerFactory$DuplicateJsonObjectContextCustomizer@2438f0d, org.springframework.boot.test.mock.mockito.MockitoContextCustomizer@0], resourceBasePath = 'src/main/webapp', contextLoader = 'org.springframework.boot.test.context.SpringBootContextLoader', parent = [null]]]; transaction manager [org.springframework.orm.jpa.JpaTransactionManager@7726af0e]; rollback [true]
Hibernate: select booking0_.id as id1_1_0_, booking0_.business_id as business8_1_0_, booking0_.customer as customer2_1_0_, booking0_.date as date3_1_0_, booking0_.date_string as date_str4_1_0_, booking0_.description as descript5_1_0_, booking0_.end_time as end_time6_1_0_, booking0_.start_time as start_ti7_1_0_ from booking booking0_ where booking0_.id=?
Hibernate: insert into booking (id, business_id, customer, date, date_string, description, end_time, start_time) values (null, ?, ?, ?, ?, ?, ?, ?)
2020-05-14 15:57:51.301  INFO 34594 --- [    Test worker] o.h.h.i.QueryTranslatorFactoryInitiator  : HHH000397: Using ASTQueryTranslatorFactory
Hibernate: select booking0_.id as id1_1_, booking0_.business_id as business8_1_, booking0_.customer as customer2_1_, booking0_.date as date3_1_, booking0_.date_string as date_str4_1_, booking0_.description as descript5_1_, booking0_.end_time as end_time6_1_, booking0_.start_time as start_ti7_1_ from booking booking0_ where booking0_.id=?
2020-05-14 15:57:51.352  INFO 34594 --- [    Test worker] o.s.t.c.transaction.TransactionContext   : Rolled back transaction for test context [DefaultTestContext@48e2a96c testClass = RepositoryTest, testInstance = RepositoryTest@288c21b8, testMethod = $spock_feature_0_0@RepositoryTest, testException = [null], mergedContextConfiguration = [WebMergedContextConfiguration@2d877f25 testClass = RepositoryTest, locations = '{}', classes = '{class autorota.AutorotaApplication, class autorota.AutorotaApplication}', contextInitializerClasses = '[]', activeProfiles = '{}', propertySourceLocations = '{}', propertySourceProperties = '{org.springframework.boot.test.context.SpringBootTestContextBootstrapper=true}', contextCustomizers = set[org.springframework.boot.test.autoconfigure.OverrideAutoConfigurationContextCustomizerFactory$DisableAutoConfigurationContextCustomizer@7c48a24d, org.springframework.boot.test.autoconfigure.filter.TypeExcludeFiltersContextCustomizer@351584c0, org.springframework.boot.test.autoconfigure.properties.PropertyMappingContextCustomizer@1e471502, org.springframework.boot.test.autoconfigure.web.servlet.WebDriverContextCustomizerFactory$Customizer@68fa43c3, [ImportsContextCustomizer@3b2f028b key = [org.springframework.boot.autoconfigure.cache.CacheAutoConfiguration, org.springframework.boot.autoconfigure.data.jpa.JpaRepositoriesAutoConfiguration, org.springframework.boot.autoconfigure.flyway.FlywayAutoConfiguration, org.springframework.boot.autoconfigure.jdbc.DataSourceAutoConfiguration, org.springframework.boot.autoconfigure.jdbc.DataSourceTransactionManagerAutoConfiguration, org.springframework.boot.autoconfigure.jdbc.JdbcTemplateAutoConfiguration, org.springframework.boot.autoconfigure.liquibase.LiquibaseAutoConfiguration, org.springframework.boot.autoconfigure.orm.jpa.HibernateJpaAutoConfiguration, org.springframework.boot.autoconfigure.transaction.TransactionAutoConfiguration, org.springframework.boot.test.autoconfigure.jdbc.TestDatabaseAutoConfiguration, org.springframework.boot.test.autoconfigure.orm.jpa.TestEntityManagerAutoConfiguration]], org.springframework.boot.test.context.SpringBootTestContextCustomizer@2989d4a, org.springframework.boot.test.context.filter.ExcludeFilterContextCustomizer@53c225b2, org.springframework.boot.test.json.DuplicateJsonObjectContextCustomizerFactory$DuplicateJsonObjectContextCustomizer@2438f0d, org.springframework.boot.test.mock.mockito.MockitoContextCustomizer@0], resourceBasePath = 'src/main/webapp', contextLoader = 'org.springframework.boot.test.context.SpringBootContextLoader', parent = [null]]].
2020-05-14 15:57:51.398  INFO 34594 --- [    Test worker] o.s.t.c.transaction.TransactionContext   : Began transaction (1) for test context [DefaultTestContext@48e2a96c testClass = RepositoryTest, testInstance = RepositoryTest@1d5539d1, testMethod = $spock_feature_0_0@RepositoryTest, testException = [null], mergedContextConfiguration = [WebMergedContextConfiguration@2d877f25 testClass = RepositoryTest, locations = '{}', classes = '{class autorota.AutorotaApplication, class autorota.AutorotaApplication}', contextInitializerClasses = '[]', activeProfiles = '{}', propertySourceLocations = '{}', propertySourceProperties = '{org.springframework.boot.test.context.SpringBootTestContextBootstrapper=true}', contextCustomizers = set[org.springframework.boot.test.autoconfigure.OverrideAutoConfigurationContextCustomizerFactory$DisableAutoConfigurationContextCustomizer@7c48a24d, org.springframework.boot.test.autoconfigure.filter.TypeExcludeFiltersContextCustomizer@351584c0, org.springframework.boot.test.autoconfigure.properties.PropertyMappingContextCustomizer@1e471502, org.springframework.boot.test.autoconfigure.web.servlet.WebDriverContextCustomizerFactory$Customizer@68fa43c3, [ImportsContextCustomizer@3b2f028b key = [org.springframework.boot.autoconfigure.cache.CacheAutoConfiguration, org.springframework.boot.autoconfigure.data.jpa.JpaRepositoriesAutoConfiguration, org.springframework.boot.autoconfigure.flyway.FlywayAutoConfiguration, org.springframework.boot.autoconfigure.jdbc.DataSourceAutoConfiguration, org.springframework.boot.autoconfigure.jdbc.DataSourceTransactionManagerAutoConfiguration, org.springframework.boot.autoconfigure.jdbc.JdbcTemplateAutoConfiguration, org.springframework.boot.autoconfigure.liquibase.LiquibaseAutoConfiguration, org.springframework.boot.autoconfigure.orm.jpa.HibernateJpaAutoConfiguration, org.springframework.boot.autoconfigure.transaction.TransactionAutoConfiguration, org.springframework.boot.test.autoconfigure.jdbc.TestDatabaseAutoConfiguration, org.springframework.boot.test.autoconfigure.orm.jpa.TestEntityManagerAutoConfiguration]], org.springframework.boot.test.context.SpringBootTestContextCustomizer@2989d4a, org.springframework.boot.test.context.filter.ExcludeFilterContextCustomizer@53c225b2, org.springframework.boot.test.json.DuplicateJsonObjectContextCustomizerFactory$DuplicateJsonObjectContextCustomizer@2438f0d, org.springframework.boot.test.mock.mockito.MockitoContextCustomizer@0], resourceBasePath = 'src/main/webapp', contextLoader = 'org.springframework.boot.test.context.SpringBootContextLoader', parent = [null]]]; transaction manager [org.springframework.orm.jpa.JpaTransactionManager@7726af0e]; rollback [true]
Hibernate: select booking0_.id as id1_1_0_, booking0_.business_id as business8_1_0_, booking0_.customer as customer2_1_0_, booking0_.date as date3_1_0_, booking0_.date_string as date_str4_1_0_, booking0_.description as descript5_1_0_, booking0_.end_time as end_time6_1_0_, booking0_.start_time as start_ti7_1_0_ from booking booking0_ where booking0_.id=?
Hibernate: insert into booking (id, business_id, customer, date, date_string, description, end_time, start_time) values (null, ?, ?, ?, ?, ?, ?, ?)
Hibernate: select booking0_.id as id1_1_, booking0_.business_id as business8_1_, booking0_.customer as customer2_1_, booking0_.date as date3_1_, booking0_.date_string as date_str4_1_, booking0_.description as descript5_1_, booking0_.end_time as end_time6_1_, booking0_.start_time as start_ti7_1_ from booking booking0_ where booking0_.id=?
2020-05-14 15:57:51.415  INFO 34594 --- [    Test worker] o.s.t.c.transaction.TransactionContext   : Rolled back transaction for test context [DefaultTestContext@48e2a96c testClass = RepositoryTest, testInstance = RepositoryTest@1d5539d1, testMethod = $spock_feature_0_0@RepositoryTest, testException = [null], mergedContextConfiguration = [WebMergedContextConfiguration@2d877f25 testClass = RepositoryTest, locations = '{}', classes = '{class autorota.AutorotaApplication, class autorota.AutorotaApplication}', contextInitializerClasses = '[]', activeProfiles = '{}', propertySourceLocations = '{}', propertySourceProperties = '{org.springframework.boot.test.context.SpringBootTestContextBootstrapper=true}', contextCustomizers = set[org.springframework.boot.test.autoconfigure.OverrideAutoConfigurationContextCustomizerFactory$DisableAutoConfigurationContextCustomizer@7c48a24d, org.springframework.boot.test.autoconfigure.filter.TypeExcludeFiltersContextCustomizer@351584c0, org.springframework.boot.test.autoconfigure.properties.PropertyMappingContextCustomizer@1e471502, org.springframework.boot.test.autoconfigure.web.servlet.WebDriverContextCustomizerFactory$Customizer@68fa43c3, [ImportsContextCustomizer@3b2f028b key = [org.springframework.boot.autoconfigure.cache.CacheAutoConfiguration, org.springframework.boot.autoconfigure.data.jpa.JpaRepositoriesAutoConfiguration, org.springframework.boot.autoconfigure.flyway.FlywayAutoConfiguration, org.springframework.boot.autoconfigure.jdbc.DataSourceAutoConfiguration, org.springframework.boot.autoconfigure.jdbc.DataSourceTransactionManagerAutoConfiguration, org.springframework.boot.autoconfigure.jdbc.JdbcTemplateAutoConfiguration, org.springframework.boot.autoconfigure.liquibase.LiquibaseAutoConfiguration, org.springframework.boot.autoconfigure.orm.jpa.HibernateJpaAutoConfiguration, org.springframework.boot.autoconfigure.transaction.TransactionAutoConfiguration, org.springframework.boot.test.autoconfigure.jdbc.TestDatabaseAutoConfiguration, org.springframework.boot.test.autoconfigure.orm.jpa.TestEntityManagerAutoConfiguration]], org.springframework.boot.test.context.SpringBootTestContextCustomizer@2989d4a, org.springframework.boot.test.context.filter.ExcludeFilterContextCustomizer@53c225b2, org.springframework.boot.test.json.DuplicateJsonObjectContextCustomizerFactory$DuplicateJsonObjectContextCustomizer@2438f0d, org.springframework.boot.test.mock.mockito.MockitoContextCustomizer@0], resourceBasePath = 'src/main/webapp', contextLoader = 'org.springframework.boot.test.context.SpringBootContextLoader', parent = [null]]].
2020-05-14 15:57:51.422  INFO 34594 --- [    Test worker] o.s.t.c.transaction.TransactionContext   : Began transaction (1) for test context [DefaultTestContext@48e2a96c testClass = RepositoryTest, testInstance = RepositoryTest@40a3ee4b, testMethod = $spock_feature_0_0@RepositoryTest, testException = [null], mergedContextConfiguration = [WebMergedContextConfiguration@2d877f25 testClass = RepositoryTest, locations = '{}', classes = '{class autorota.AutorotaApplication, class autorota.AutorotaApplication}', contextInitializerClasses = '[]', activeProfiles = '{}', propertySourceLocations = '{}', propertySourceProperties = '{org.springframework.boot.test.context.SpringBootTestContextBootstrapper=true}', contextCustomizers = set[org.springframework.boot.test.autoconfigure.OverrideAutoConfigurationContextCustomizerFactory$DisableAutoConfigurationContextCustomizer@7c48a24d, org.springframework.boot.test.autoconfigure.filter.TypeExcludeFiltersContextCustomizer@351584c0, org.springframework.boot.test.autoconfigure.properties.PropertyMappingContextCustomizer@1e471502, org.springframework.boot.test.autoconfigure.web.servlet.WebDriverContextCustomizerFactory$Customizer@68fa43c3, [ImportsContextCustomizer@3b2f028b key = [org.springframework.boot.autoconfigure.cache.CacheAutoConfiguration, org.springframework.boot.autoconfigure.data.jpa.JpaRepositoriesAutoConfiguration, org.springframework.boot.autoconfigure.flyway.FlywayAutoConfiguration, org.springframework.boot.autoconfigure.jdbc.DataSourceAutoConfiguration, org.springframework.boot.autoconfigure.jdbc.DataSourceTransactionManagerAutoConfiguration, org.springframework.boot.autoconfigure.jdbc.JdbcTemplateAutoConfiguration, org.springframework.boot.autoconfigure.liquibase.LiquibaseAutoConfiguration, org.springframework.boot.autoconfigure.orm.jpa.HibernateJpaAutoConfiguration, org.springframework.boot.autoconfigure.transaction.TransactionAutoConfiguration, org.springframework.boot.test.autoconfigure.jdbc.TestDatabaseAutoConfiguration, org.springframework.boot.test.autoconfigure.orm.jpa.TestEntityManagerAutoConfiguration]], org.springframework.boot.test.context.SpringBootTestContextCustomizer@2989d4a, org.springframework.boot.test.context.filter.ExcludeFilterContextCustomizer@53c225b2, org.springframework.boot.test.json.DuplicateJsonObjectContextCustomizerFactory$DuplicateJsonObjectContextCustomizer@2438f0d, org.springframework.boot.test.mock.mockito.MockitoContextCustomizer@0], resourceBasePath = 'src/main/webapp', contextLoader = 'org.springframework.boot.test.context.SpringBootContextLoader', parent = [null]]]; transaction manager [org.springframework.orm.jpa.JpaTransactionManager@7726af0e]; rollback [true]
Hibernate: select booking0_.id as id1_1_0_, booking0_.business_id as business8_1_0_, booking0_.customer as customer2_1_0_, booking0_.date as date3_1_0_, booking0_.date_string as date_str4_1_0_, booking0_.description as descript5_1_0_, booking0_.end_time as end_time6_1_0_, booking0_.start_time as start_ti7_1_0_ from booking booking0_ where booking0_.id=?
Hibernate: insert into booking (id, business_id, customer, date, date_string, description, end_time, start_time) values (null, ?, ?, ?, ?, ?, ?, ?)
Hibernate: select booking0_.id as id1_1_, booking0_.business_id as business8_1_, booking0_.customer as customer2_1_, booking0_.date as date3_1_, booking0_.date_string as date_str4_1_, booking0_.description as descript5_1_, booking0_.end_time as end_time6_1_, booking0_.start_time as start_ti7_1_ from booking booking0_ where booking0_.id=?
2020-05-14 15:57:51.443  INFO 34594 --- [    Test worker] o.s.t.c.transaction.TransactionContext   : Rolled back transaction for test context [DefaultTestContext@48e2a96c testClass = RepositoryTest, testInstance = RepositoryTest@40a3ee4b, testMethod = $spock_feature_0_0@RepositoryTest, testException = [null], mergedContextConfiguration = [WebMergedContextConfiguration@2d877f25 testClass = RepositoryTest, locations = '{}', classes = '{class autorota.AutorotaApplication, class autorota.AutorotaApplication}', contextInitializerClasses = '[]', activeProfiles = '{}', propertySourceLocations = '{}', propertySourceProperties = '{org.springframework.boot.test.context.SpringBootTestContextBootstrapper=true}', contextCustomizers = set[org.springframework.boot.test.autoconfigure.OverrideAutoConfigurationContextCustomizerFactory$DisableAutoConfigurationContextCustomizer@7c48a24d, org.springframework.boot.test.autoconfigure.filter.TypeExcludeFiltersContextCustomizer@351584c0, org.springframework.boot.test.autoconfigure.properties.PropertyMappingContextCustomizer@1e471502, org.springframework.boot.test.autoconfigure.web.servlet.WebDriverContextCustomizerFactory$Customizer@68fa43c3, [ImportsContextCustomizer@3b2f028b key = [org.springframework.boot.autoconfigure.cache.CacheAutoConfiguration, org.springframework.boot.autoconfigure.data.jpa.JpaRepositoriesAutoConfiguration, org.springframework.boot.autoconfigure.flyway.FlywayAutoConfiguration, org.springframework.boot.autoconfigure.jdbc.DataSourceAutoConfiguration, org.springframework.boot.autoconfigure.jdbc.DataSourceTransactionManagerAutoConfiguration, org.springframework.boot.autoconfigure.jdbc.JdbcTemplateAutoConfiguration, org.springframework.boot.autoconfigure.liquibase.LiquibaseAutoConfiguration, org.springframework.boot.autoconfigure.orm.jpa.HibernateJpaAutoConfiguration, org.springframework.boot.autoconfigure.transaction.TransactionAutoConfiguration, org.springframework.boot.test.autoconfigure.jdbc.TestDatabaseAutoConfiguration, org.springframework.boot.test.autoconfigure.orm.jpa.TestEntityManagerAutoConfiguration]], org.springframework.boot.test.context.SpringBootTestContextCustomizer@2989d4a, org.springframework.boot.test.context.filter.ExcludeFilterContextCustomizer@53c225b2, org.springframework.boot.test.json.DuplicateJsonObjectContextCustomizerFactory$DuplicateJsonObjectContextCustomizer@2438f0d, org.springframework.boot.test.mock.mockito.MockitoContextCustomizer@0], resourceBasePath = 'src/main/webapp', contextLoader = 'org.springframework.boot.test.context.SpringBootContextLoader', parent = [null]]].
2020-05-14 15:57:51.448  INFO 34594 --- [    Test worker] o.s.t.c.transaction.TransactionContext   : Began transaction (1) for test context [DefaultTestContext@48e2a96c testClass = RepositoryTest, testInstance = RepositoryTest@51d74dc1, testMethod = $spock_feature_0_1@RepositoryTest, testException = [null], mergedContextConfiguration = [WebMergedContextConfiguration@2d877f25 testClass = RepositoryTest, locations = '{}', classes = '{class autorota.AutorotaApplication, class autorota.AutorotaApplication}', contextInitializerClasses = '[]', activeProfiles = '{}', propertySourceLocations = '{}', propertySourceProperties = '{org.springframework.boot.test.context.SpringBootTestContextBootstrapper=true}', contextCustomizers = set[org.springframework.boot.test.autoconfigure.OverrideAutoConfigurationContextCustomizerFactory$DisableAutoConfigurationContextCustomizer@7c48a24d, org.springframework.boot.test.autoconfigure.filter.TypeExcludeFiltersContextCustomizer@351584c0, org.springframework.boot.test.autoconfigure.properties.PropertyMappingContextCustomizer@1e471502, org.springframework.boot.test.autoconfigure.web.servlet.WebDriverContextCustomizerFactory$Customizer@68fa43c3, [ImportsContextCustomizer@3b2f028b key = [org.springframework.boot.autoconfigure.cache.CacheAutoConfiguration, org.springframework.boot.autoconfigure.data.jpa.JpaRepositoriesAutoConfiguration, org.springframework.boot.autoconfigure.flyway.FlywayAutoConfiguration, org.springframework.boot.autoconfigure.jdbc.DataSourceAutoConfiguration, org.springframework.boot.autoconfigure.jdbc.DataSourceTransactionManagerAutoConfiguration, org.springframework.boot.autoconfigure.jdbc.JdbcTemplateAutoConfiguration, org.springframework.boot.autoconfigure.liquibase.LiquibaseAutoConfiguration, org.springframework.boot.autoconfigure.orm.jpa.HibernateJpaAutoConfiguration, org.springframework.boot.autoconfigure.transaction.TransactionAutoConfiguration, org.springframework.boot.test.autoconfigure.jdbc.TestDatabaseAutoConfiguration, org.springframework.boot.test.autoconfigure.orm.jpa.TestEntityManagerAutoConfiguration]], org.springframework.boot.test.context.SpringBootTestContextCustomizer@2989d4a, org.springframework.boot.test.context.filter.ExcludeFilterContextCustomizer@53c225b2, org.springframework.boot.test.json.DuplicateJsonObjectContextCustomizerFactory$DuplicateJsonObjectContextCustomizer@2438f0d, org.springframework.boot.test.mock.mockito.MockitoContextCustomizer@0], resourceBasePath = 'src/main/webapp', contextLoader = 'org.springframework.boot.test.context.SpringBootContextLoader', parent = [null]]]; transaction manager [org.springframework.orm.jpa.JpaTransactionManager@7726af0e]; rollback [true]
Hibernate: select business0_.id as id1_2_0_, business0_.city as city2_2_0_, business0_.country as country3_2_0_, business0_.name as name4_2_0_ from business business0_ where business0_.id=?
Hibernate: update business set city=?, country=?, name=? where id=?
Hibernate: delete from shift_types where business_id=?
Hibernate: select business0_.id as id1_2_, business0_.city as city2_2_, business0_.country as country3_2_, business0_.name as name4_2_ from business business0_ where business0_.id=?
2020-05-14 15:57:51.507  INFO 34594 --- [    Test worker] o.s.t.c.transaction.TransactionContext   : Rolled back transaction for test context [DefaultTestContext@48e2a96c testClass = RepositoryTest, testInstance = RepositoryTest@51d74dc1, testMethod = $spock_feature_0_1@RepositoryTest, testException = [null], mergedContextConfiguration = [WebMergedContextConfiguration@2d877f25 testClass = RepositoryTest, locations = '{}', classes = '{class autorota.AutorotaApplication, class autorota.AutorotaApplication}', contextInitializerClasses = '[]', activeProfiles = '{}', propertySourceLocations = '{}', propertySourceProperties = '{org.springframework.boot.test.context.SpringBootTestContextBootstrapper=true}', contextCustomizers = set[org.springframework.boot.test.autoconfigure.OverrideAutoConfigurationContextCustomizerFactory$DisableAutoConfigurationContextCustomizer@7c48a24d, org.springframework.boot.test.autoconfigure.filter.TypeExcludeFiltersContextCustomizer@351584c0, org.springframework.boot.test.autoconfigure.properties.PropertyMappingContextCustomizer@1e471502, org.springframework.boot.test.autoconfigure.web.servlet.WebDriverContextCustomizerFactory$Customizer@68fa43c3, [ImportsContextCustomizer@3b2f028b key = [org.springframework.boot.autoconfigure.cache.CacheAutoConfiguration, org.springframework.boot.autoconfigure.data.jpa.JpaRepositoriesAutoConfiguration, org.springframework.boot.autoconfigure.flyway.FlywayAutoConfiguration, org.springframework.boot.autoconfigure.jdbc.DataSourceAutoConfiguration, org.springframework.boot.autoconfigure.jdbc.DataSourceTransactionManagerAutoConfiguration, org.springframework.boot.autoconfigure.jdbc.JdbcTemplateAutoConfiguration, org.springframework.boot.autoconfigure.liquibase.LiquibaseAutoConfiguration, org.springframework.boot.autoconfigure.orm.jpa.HibernateJpaAutoConfiguration, org.springframework.boot.autoconfigure.transaction.TransactionAutoConfiguration, org.springframework.boot.test.autoconfigure.jdbc.TestDatabaseAutoConfiguration, org.springframework.boot.test.autoconfigure.orm.jpa.TestEntityManagerAutoConfiguration]], org.springframework.boot.test.context.SpringBootTestContextCustomizer@2989d4a, org.springframework.boot.test.context.filter.ExcludeFilterContextCustomizer@53c225b2, org.springframework.boot.test.json.DuplicateJsonObjectContextCustomizerFactory$DuplicateJsonObjectContextCustomizer@2438f0d, org.springframework.boot.test.mock.mockito.MockitoContextCustomizer@0], resourceBasePath = 'src/main/webapp', contextLoader = 'org.springframework.boot.test.context.SpringBootContextLoader', parent = [null]]].
2020-05-14 15:57:51.509  INFO 34594 --- [    Test worker] o.s.t.c.transaction.TransactionContext   : Began transaction (1) for test context [DefaultTestContext@48e2a96c testClass = RepositoryTest, testInstance = RepositoryTest@22e80e07, testMethod = $spock_feature_0_1@RepositoryTest, testException = [null], mergedContextConfiguration = [WebMergedContextConfiguration@2d877f25 testClass = RepositoryTest, locations = '{}', classes = '{class autorota.AutorotaApplication, class autorota.AutorotaApplication}', contextInitializerClasses = '[]', activeProfiles = '{}', propertySourceLocations = '{}', propertySourceProperties = '{org.springframework.boot.test.context.SpringBootTestContextBootstrapper=true}', contextCustomizers = set[org.springframework.boot.test.autoconfigure.OverrideAutoConfigurationContextCustomizerFactory$DisableAutoConfigurationContextCustomizer@7c48a24d, org.springframework.boot.test.autoconfigure.filter.TypeExcludeFiltersContextCustomizer@351584c0, org.springframework.boot.test.autoconfigure.properties.PropertyMappingContextCustomizer@1e471502, org.springframework.boot.test.autoconfigure.web.servlet.WebDriverContextCustomizerFactory$Customizer@68fa43c3, [ImportsContextCustomizer@3b2f028b key = [org.springframework.boot.autoconfigure.cache.CacheAutoConfiguration, org.springframework.boot.autoconfigure.data.jpa.JpaRepositoriesAutoConfiguration, org.springframework.boot.autoconfigure.flyway.FlywayAutoConfiguration, org.springframework.boot.autoconfigure.jdbc.DataSourceAutoConfiguration, org.springframework.boot.autoconfigure.jdbc.DataSourceTransactionManagerAutoConfiguration, org.springframework.boot.autoconfigure.jdbc.JdbcTemplateAutoConfiguration, org.springframework.boot.autoconfigure.liquibase.LiquibaseAutoConfiguration, org.springframework.boot.autoconfigure.orm.jpa.HibernateJpaAutoConfiguration, org.springframework.boot.autoconfigure.transaction.TransactionAutoConfiguration, org.springframework.boot.test.autoconfigure.jdbc.TestDatabaseAutoConfiguration, org.springframework.boot.test.autoconfigure.orm.jpa.TestEntityManagerAutoConfiguration]], org.springframework.boot.test.context.SpringBootTestContextCustomizer@2989d4a, org.springframework.boot.test.context.filter.ExcludeFilterContextCustomizer@53c225b2, org.springframework.boot.test.json.DuplicateJsonObjectContextCustomizerFactory$DuplicateJsonObjectContextCustomizer@2438f0d, org.springframework.boot.test.mock.mockito.MockitoContextCustomizer@0], resourceBasePath = 'src/main/webapp', contextLoader = 'org.springframework.boot.test.context.SpringBootContextLoader', parent = [null]]]; transaction manager [org.springframework.orm.jpa.JpaTransactionManager@7726af0e]; rollback [true]
Hibernate: select business0_.id as id1_2_0_, business0_.city as city2_2_0_, business0_.country as country3_2_0_, business0_.name as name4_2_0_ from business business0_ where business0_.id=?
Hibernate: insert into business (id, city, country, name) values (null, ?, ?, ?)
Hibernate: select business0_.id as id1_2_, business0_.city as city2_2_, business0_.country as country3_2_, business0_.name as name4_2_ from business business0_ where business0_.id=?
2020-05-14 15:57:51.543  INFO 34594 --- [    Test worker] o.s.t.c.transaction.TransactionContext   : Rolled back transaction for test context [DefaultTestContext@48e2a96c testClass = RepositoryTest, testInstance = RepositoryTest@22e80e07, testMethod = $spock_feature_0_1@RepositoryTest, testException = [null], mergedContextConfiguration = [WebMergedContextConfiguration@2d877f25 testClass = RepositoryTest, locations = '{}', classes = '{class autorota.AutorotaApplication, class autorota.AutorotaApplication}', contextInitializerClasses = '[]', activeProfiles = '{}', propertySourceLocations = '{}', propertySourceProperties = '{org.springframework.boot.test.context.SpringBootTestContextBootstrapper=true}', contextCustomizers = set[org.springframework.boot.test.autoconfigure.OverrideAutoConfigurationContextCustomizerFactory$DisableAutoConfigurationContextCustomizer@7c48a24d, org.springframework.boot.test.autoconfigure.filter.TypeExcludeFiltersContextCustomizer@351584c0, org.springframework.boot.test.autoconfigure.properties.PropertyMappingContextCustomizer@1e471502, org.springframework.boot.test.autoconfigure.web.servlet.WebDriverContextCustomizerFactory$Customizer@68fa43c3, [ImportsContextCustomizer@3b2f028b key = [org.springframework.boot.autoconfigure.cache.CacheAutoConfiguration, org.springframework.boot.autoconfigure.data.jpa.JpaRepositoriesAutoConfiguration, org.springframework.boot.autoconfigure.flyway.FlywayAutoConfiguration, org.springframework.boot.autoconfigure.jdbc.DataSourceAutoConfiguration, org.springframework.boot.autoconfigure.jdbc.DataSourceTransactionManagerAutoConfiguration, org.springframework.boot.autoconfigure.jdbc.JdbcTemplateAutoConfiguration, org.springframework.boot.autoconfigure.liquibase.LiquibaseAutoConfiguration, org.springframework.boot.autoconfigure.orm.jpa.HibernateJpaAutoConfiguration, org.springframework.boot.autoconfigure.transaction.TransactionAutoConfiguration, org.springframework.boot.test.autoconfigure.jdbc.TestDatabaseAutoConfiguration, org.springframework.boot.test.autoconfigure.orm.jpa.TestEntityManagerAutoConfiguration]], org.springframework.boot.test.context.SpringBootTestContextCustomizer@2989d4a, org.springframework.boot.test.context.filter.ExcludeFilterContextCustomizer@53c225b2, org.springframework.boot.test.json.DuplicateJsonObjectContextCustomizerFactory$DuplicateJsonObjectContextCustomizer@2438f0d, org.springframework.boot.test.mock.mockito.MockitoContextCustomizer@0], resourceBasePath = 'src/main/webapp', contextLoader = 'org.springframework.boot.test.context.SpringBootContextLoader', parent = [null]]].
2020-05-14 15:57:51.545  INFO 34594 --- [    Test worker] o.s.t.c.transaction.TransactionContext   : Began transaction (1) for test context [DefaultTestContext@48e2a96c testClass = RepositoryTest, testInstance = RepositoryTest@4386a20d, testMethod = $spock_feature_0_1@RepositoryTest, testException = [null], mergedContextConfiguration = [WebMergedContextConfiguration@2d877f25 testClass = RepositoryTest, locations = '{}', classes = '{class autorota.AutorotaApplication, class autorota.AutorotaApplication}', contextInitializerClasses = '[]', activeProfiles = '{}', propertySourceLocations = '{}', propertySourceProperties = '{org.springframework.boot.test.context.SpringBootTestContextBootstrapper=true}', contextCustomizers = set[org.springframework.boot.test.autoconfigure.OverrideAutoConfigurationContextCustomizerFactory$DisableAutoConfigurationContextCustomizer@7c48a24d, org.springframework.boot.test.autoconfigure.filter.TypeExcludeFiltersContextCustomizer@351584c0, org.springframework.boot.test.autoconfigure.properties.PropertyMappingContextCustomizer@1e471502, org.springframework.boot.test.autoconfigure.web.servlet.WebDriverContextCustomizerFactory$Customizer@68fa43c3, [ImportsContextCustomizer@3b2f028b key = [org.springframework.boot.autoconfigure.cache.CacheAutoConfiguration, org.springframework.boot.autoconfigure.data.jpa.JpaRepositoriesAutoConfiguration, org.springframework.boot.autoconfigure.flyway.FlywayAutoConfiguration, org.springframework.boot.autoconfigure.jdbc.DataSourceAutoConfiguration, org.springframework.boot.autoconfigure.jdbc.DataSourceTransactionManagerAutoConfiguration, org.springframework.boot.autoconfigure.jdbc.JdbcTemplateAutoConfiguration, org.springframework.boot.autoconfigure.liquibase.LiquibaseAutoConfiguration, org.springframework.boot.autoconfigure.orm.jpa.HibernateJpaAutoConfiguration, org.springframework.boot.autoconfigure.transaction.TransactionAutoConfiguration, org.springframework.boot.test.autoconfigure.jdbc.TestDatabaseAutoConfiguration, org.springframework.boot.test.autoconfigure.orm.jpa.TestEntityManagerAutoConfiguration]], org.springframework.boot.test.context.SpringBootTestContextCustomizer@2989d4a, org.springframework.boot.test.context.filter.ExcludeFilterContextCustomizer@53c225b2, org.springframework.boot.test.json.DuplicateJsonObjectContextCustomizerFactory$DuplicateJsonObjectContextCustomizer@2438f0d, org.springframework.boot.test.mock.mockito.MockitoContextCustomizer@0], resourceBasePath = 'src/main/webapp', contextLoader = 'org.springframework.boot.test.context.SpringBootContextLoader', parent = [null]]]; transaction manager [org.springframework.orm.jpa.JpaTransactionManager@7726af0e]; rollback [true]
Hibernate: select business0_.id as id1_2_0_, business0_.city as city2_2_0_, business0_.country as country3_2_0_, business0_.name as name4_2_0_ from business business0_ where business0_.id=?
Hibernate: insert into business (id, city, country, name) values (null, ?, ?, ?)
Hibernate: select business0_.id as id1_2_, business0_.city as city2_2_, business0_.country as country3_2_, business0_.name as name4_2_ from business business0_ where business0_.id=?
2020-05-14 15:57:51.580  INFO 34594 --- [    Test worker] o.s.t.c.transaction.TransactionContext   : Rolled back transaction for test context [DefaultTestContext@48e2a96c testClass = RepositoryTest, testInstance = RepositoryTest@4386a20d, testMethod = $spock_feature_0_1@RepositoryTest, testException = [null], mergedContextConfiguration = [WebMergedContextConfiguration@2d877f25 testClass = RepositoryTest, locations = '{}', classes = '{class autorota.AutorotaApplication, class autorota.AutorotaApplication}', contextInitializerClasses = '[]', activeProfiles = '{}', propertySourceLocations = '{}', propertySourceProperties = '{org.springframework.boot.test.context.SpringBootTestContextBootstrapper=true}', contextCustomizers = set[org.springframework.boot.test.autoconfigure.OverrideAutoConfigurationContextCustomizerFactory$DisableAutoConfigurationContextCustomizer@7c48a24d, org.springframework.boot.test.autoconfigure.filter.TypeExcludeFiltersContextCustomizer@351584c0, org.springframework.boot.test.autoconfigure.properties.PropertyMappingContextCustomizer@1e471502, org.springframework.boot.test.autoconfigure.web.servlet.WebDriverContextCustomizerFactory$Customizer@68fa43c3, [ImportsContextCustomizer@3b2f028b key = [org.springframework.boot.autoconfigure.cache.CacheAutoConfiguration, org.springframework.boot.autoconfigure.data.jpa.JpaRepositoriesAutoConfiguration, org.springframework.boot.autoconfigure.flyway.FlywayAutoConfiguration, org.springframework.boot.autoconfigure.jdbc.DataSourceAutoConfiguration, org.springframework.boot.autoconfigure.jdbc.DataSourceTransactionManagerAutoConfiguration, org.springframework.boot.autoconfigure.jdbc.JdbcTemplateAutoConfiguration, org.springframework.boot.autoconfigure.liquibase.LiquibaseAutoConfiguration, org.springframework.boot.autoconfigure.orm.jpa.HibernateJpaAutoConfiguration, org.springframework.boot.autoconfigure.transaction.TransactionAutoConfiguration, org.springframework.boot.test.autoconfigure.jdbc.TestDatabaseAutoConfiguration, org.springframework.boot.test.autoconfigure.orm.jpa.TestEntityManagerAutoConfiguration]], org.springframework.boot.test.context.SpringBootTestContextCustomizer@2989d4a, org.springframework.boot.test.context.filter.ExcludeFilterContextCustomizer@53c225b2, org.springframework.boot.test.json.DuplicateJsonObjectContextCustomizerFactory$DuplicateJsonObjectContextCustomizer@2438f0d, org.springframework.boot.test.mock.mockito.MockitoContextCustomizer@0], resourceBasePath = 'src/main/webapp', contextLoader = 'org.springframework.boot.test.context.SpringBootContextLoader', parent = [null]]].
2020-05-14 15:57:51.588  INFO 34594 --- [    Test worker] o.s.t.c.transaction.TransactionContext   : Began transaction (1) for test context [DefaultTestContext@48e2a96c testClass = RepositoryTest, testInstance = RepositoryTest@7dd5c4b8, testMethod = $spock_feature_0_2@RepositoryTest, testException = [null], mergedContextConfiguration = [WebMergedContextConfiguration@2d877f25 testClass = RepositoryTest, locations = '{}', classes = '{class autorota.AutorotaApplication, class autorota.AutorotaApplication}', contextInitializerClasses = '[]', activeProfiles = '{}', propertySourceLocations = '{}', propertySourceProperties = '{org.springframework.boot.test.context.SpringBootTestContextBootstrapper=true}', contextCustomizers = set[org.springframework.boot.test.autoconfigure.OverrideAutoConfigurationContextCustomizerFactory$DisableAutoConfigurationContextCustomizer@7c48a24d, org.springframework.boot.test.autoconfigure.filter.TypeExcludeFiltersContextCustomizer@351584c0, org.springframework.boot.test.autoconfigure.properties.PropertyMappingContextCustomizer@1e471502, org.springframework.boot.test.autoconfigure.web.servlet.WebDriverContextCustomizerFactory$Customizer@68fa43c3, [ImportsContextCustomizer@3b2f028b key = [org.springframework.boot.autoconfigure.cache.CacheAutoConfiguration, org.springframework.boot.autoconfigure.data.jpa.JpaRepositoriesAutoConfiguration, org.springframework.boot.autoconfigure.flyway.FlywayAutoConfiguration, org.springframework.boot.autoconfigure.jdbc.DataSourceAutoConfiguration, org.springframework.boot.autoconfigure.jdbc.DataSourceTransactionManagerAutoConfiguration, org.springframework.boot.autoconfigure.jdbc.JdbcTemplateAutoConfiguration, org.springframework.boot.autoconfigure.liquibase.LiquibaseAutoConfiguration, org.springframework.boot.autoconfigure.orm.jpa.HibernateJpaAutoConfiguration, org.springframework.boot.autoconfigure.transaction.TransactionAutoConfiguration, org.springframework.boot.test.autoconfigure.jdbc.TestDatabaseAutoConfiguration, org.springframework.boot.test.autoconfigure.orm.jpa.TestEntityManagerAutoConfiguration]], org.springframework.boot.test.context.SpringBootTestContextCustomizer@2989d4a, org.springframework.boot.test.context.filter.ExcludeFilterContextCustomizer@53c225b2, org.springframework.boot.test.json.DuplicateJsonObjectContextCustomizerFactory$DuplicateJsonObjectContextCustomizer@2438f0d, org.springframework.boot.test.mock.mockito.MockitoContextCustomizer@0], resourceBasePath = 'src/main/webapp', contextLoader = 'org.springframework.boot.test.context.SpringBootContextLoader', parent = [null]]]; transaction manager [org.springframework.orm.jpa.JpaTransactionManager@7726af0e]; rollback [true]
Hibernate: select day0_.id as id1_3_0_, day0_.api_called as api_call2_3_0_, day0_.bank_holiday as bank_hol3_3_0_, day0_.bank_holiday_title as bank_hol4_3_0_, day0_.date as date5_3_0_, day0_.no_bookings as no_booki6_3_0_, day0_.pop as pop7_3_0_, day0_.rota_id as rota_id10_3_0_, day0_.temp as temp8_3_0_, day0_.weather_des as weather_9_3_0_ from days day0_ where day0_.id=?
Hibernate: insert into days (id, api_called, bank_holiday, bank_holiday_title, date, no_bookings, pop, rota_id, temp, weather_des) values (null, ?, ?, ?, ?, ?, ?, ?, ?, ?)
Hibernate: select day0_.id as id1_3_, day0_.api_called as api_call2_3_, day0_.bank_holiday as bank_hol3_3_, day0_.bank_holiday_title as bank_hol4_3_, day0_.date as date5_3_, day0_.no_bookings as no_booki6_3_, day0_.pop as pop7_3_, day0_.rota_id as rota_id10_3_, day0_.temp as temp8_3_, day0_.weather_des as weather_9_3_ from days day0_ where day0_.id=?
2020-05-14 15:57:51.717  INFO 34594 --- [    Test worker] o.s.t.c.transaction.TransactionContext   : Rolled back transaction for test context [DefaultTestContext@48e2a96c testClass = RepositoryTest, testInstance = RepositoryTest@7dd5c4b8, testMethod = $spock_feature_0_2@RepositoryTest, testException = [null], mergedContextConfiguration = [WebMergedContextConfiguration@2d877f25 testClass = RepositoryTest, locations = '{}', classes = '{class autorota.AutorotaApplication, class autorota.AutorotaApplication}', contextInitializerClasses = '[]', activeProfiles = '{}', propertySourceLocations = '{}', propertySourceProperties = '{org.springframework.boot.test.context.SpringBootTestContextBootstrapper=true}', contextCustomizers = set[org.springframework.boot.test.autoconfigure.OverrideAutoConfigurationContextCustomizerFactory$DisableAutoConfigurationContextCustomizer@7c48a24d, org.springframework.boot.test.autoconfigure.filter.TypeExcludeFiltersContextCustomizer@351584c0, org.springframework.boot.test.autoconfigure.properties.PropertyMappingContextCustomizer@1e471502, org.springframework.boot.test.autoconfigure.web.servlet.WebDriverContextCustomizerFactory$Customizer@68fa43c3, [ImportsContextCustomizer@3b2f028b key = [org.springframework.boot.autoconfigure.cache.CacheAutoConfiguration, org.springframework.boot.autoconfigure.data.jpa.JpaRepositoriesAutoConfiguration, org.springframework.boot.autoconfigure.flyway.FlywayAutoConfiguration, org.springframework.boot.autoconfigure.jdbc.DataSourceAutoConfiguration, org.springframework.boot.autoconfigure.jdbc.DataSourceTransactionManagerAutoConfiguration, org.springframework.boot.autoconfigure.jdbc.JdbcTemplateAutoConfiguration, org.springframework.boot.autoconfigure.liquibase.LiquibaseAutoConfiguration, org.springframework.boot.autoconfigure.orm.jpa.HibernateJpaAutoConfiguration, org.springframework.boot.autoconfigure.transaction.TransactionAutoConfiguration, org.springframework.boot.test.autoconfigure.jdbc.TestDatabaseAutoConfiguration, org.springframework.boot.test.autoconfigure.orm.jpa.TestEntityManagerAutoConfiguration]], org.springframework.boot.test.context.SpringBootTestContextCustomizer@2989d4a, org.springframework.boot.test.context.filter.ExcludeFilterContextCustomizer@53c225b2, org.springframework.boot.test.json.DuplicateJsonObjectContextCustomizerFactory$DuplicateJsonObjectContextCustomizer@2438f0d, org.springframework.boot.test.mock.mockito.MockitoContextCustomizer@0], resourceBasePath = 'src/main/webapp', contextLoader = 'org.springframework.boot.test.context.SpringBootContextLoader', parent = [null]]].
2020-05-14 15:57:51.767  INFO 34594 --- [    Test worker] o.s.t.c.transaction.TransactionContext   : Began transaction (1) for test context [DefaultTestContext@48e2a96c testClass = RepositoryTest, testInstance = RepositoryTest@10347786, testMethod = $spock_feature_0_2@RepositoryTest, testException = [null], mergedContextConfiguration = [WebMergedContextConfiguration@2d877f25 testClass = RepositoryTest, locations = '{}', classes = '{class autorota.AutorotaApplication, class autorota.AutorotaApplication}', contextInitializerClasses = '[]', activeProfiles = '{}', propertySourceLocations = '{}', propertySourceProperties = '{org.springframework.boot.test.context.SpringBootTestContextBootstrapper=true}', contextCustomizers = set[org.springframework.boot.test.autoconfigure.OverrideAutoConfigurationContextCustomizerFactory$DisableAutoConfigurationContextCustomizer@7c48a24d, org.springframework.boot.test.autoconfigure.filter.TypeExcludeFiltersContextCustomizer@351584c0, org.springframework.boot.test.autoconfigure.properties.PropertyMappingContextCustomizer@1e471502, org.springframework.boot.test.autoconfigure.web.servlet.WebDriverContextCustomizerFactory$Customizer@68fa43c3, [ImportsContextCustomizer@3b2f028b key = [org.springframework.boot.autoconfigure.cache.CacheAutoConfiguration, org.springframework.boot.autoconfigure.data.jpa.JpaRepositoriesAutoConfiguration, org.springframework.boot.autoconfigure.flyway.FlywayAutoConfiguration, org.springframework.boot.autoconfigure.jdbc.DataSourceAutoConfiguration, org.springframework.boot.autoconfigure.jdbc.DataSourceTransactionManagerAutoConfiguration, org.springframework.boot.autoconfigure.jdbc.JdbcTemplateAutoConfiguration, org.springframework.boot.autoconfigure.liquibase.LiquibaseAutoConfiguration, org.springframework.boot.autoconfigure.orm.jpa.HibernateJpaAutoConfiguration, org.springframework.boot.autoconfigure.transaction.TransactionAutoConfiguration, org.springframework.boot.test.autoconfigure.jdbc.TestDatabaseAutoConfiguration, org.springframework.boot.test.autoconfigure.orm.jpa.TestEntityManagerAutoConfiguration]], org.springframework.boot.test.context.SpringBootTestContextCustomizer@2989d4a, org.springframework.boot.test.context.filter.ExcludeFilterContextCustomizer@53c225b2, org.springframework.boot.test.json.DuplicateJsonObjectContextCustomizerFactory$DuplicateJsonObjectContextCustomizer@2438f0d, org.springframework.boot.test.mock.mockito.MockitoContextCustomizer@0], resourceBasePath = 'src/main/webapp', contextLoader = 'org.springframework.boot.test.context.SpringBootContextLoader', parent = [null]]]; transaction manager [org.springframework.orm.jpa.JpaTransactionManager@7726af0e]; rollback [true]
Hibernate: select day0_.id as id1_3_0_, day0_.api_called as api_call2_3_0_, day0_.bank_holiday as bank_hol3_3_0_, day0_.bank_holiday_title as bank_hol4_3_0_, day0_.date as date5_3_0_, day0_.no_bookings as no_booki6_3_0_, day0_.pop as pop7_3_0_, day0_.rota_id as rota_id10_3_0_, day0_.temp as temp8_3_0_, day0_.weather_des as weather_9_3_0_ from days day0_ where day0_.id=?
Hibernate: insert into days (id, api_called, bank_holiday, bank_holiday_title, date, no_bookings, pop, rota_id, temp, weather_des) values (null, ?, ?, ?, ?, ?, ?, ?, ?, ?)
Hibernate: select day0_.id as id1_3_, day0_.api_called as api_call2_3_, day0_.bank_holiday as bank_hol3_3_, day0_.bank_holiday_title as bank_hol4_3_, day0_.date as date5_3_, day0_.no_bookings as no_booki6_3_, day0_.pop as pop7_3_, day0_.rota_id as rota_id10_3_, day0_.temp as temp8_3_, day0_.weather_des as weather_9_3_ from days day0_ where day0_.id=?
2020-05-14 15:57:51.811  INFO 34594 --- [    Test worker] o.s.t.c.transaction.TransactionContext   : Rolled back transaction for test context [DefaultTestContext@48e2a96c testClass = RepositoryTest, testInstance = RepositoryTest@10347786, testMethod = $spock_feature_0_2@RepositoryTest, testException = [null], mergedContextConfiguration = [WebMergedContextConfiguration@2d877f25 testClass = RepositoryTest, locations = '{}', classes = '{class autorota.AutorotaApplication, class autorota.AutorotaApplication}', contextInitializerClasses = '[]', activeProfiles = '{}', propertySourceLocations = '{}', propertySourceProperties = '{org.springframework.boot.test.context.SpringBootTestContextBootstrapper=true}', contextCustomizers = set[org.springframework.boot.test.autoconfigure.OverrideAutoConfigurationContextCustomizerFactory$DisableAutoConfigurationContextCustomizer@7c48a24d, org.springframework.boot.test.autoconfigure.filter.TypeExcludeFiltersContextCustomizer@351584c0, org.springframework.boot.test.autoconfigure.properties.PropertyMappingContextCustomizer@1e471502, org.springframework.boot.test.autoconfigure.web.servlet.WebDriverContextCustomizerFactory$Customizer@68fa43c3, [ImportsContextCustomizer@3b2f028b key = [org.springframework.boot.autoconfigure.cache.CacheAutoConfiguration, org.springframework.boot.autoconfigure.data.jpa.JpaRepositoriesAutoConfiguration, org.springframework.boot.autoconfigure.flyway.FlywayAutoConfiguration, org.springframework.boot.autoconfigure.jdbc.DataSourceAutoConfiguration, org.springframework.boot.autoconfigure.jdbc.DataSourceTransactionManagerAutoConfiguration, org.springframework.boot.autoconfigure.jdbc.JdbcTemplateAutoConfiguration, org.springframework.boot.autoconfigure.liquibase.LiquibaseAutoConfiguration, org.springframework.boot.autoconfigure.orm.jpa.HibernateJpaAutoConfiguration, org.springframework.boot.autoconfigure.transaction.TransactionAutoConfiguration, org.springframework.boot.test.autoconfigure.jdbc.TestDatabaseAutoConfiguration, org.springframework.boot.test.autoconfigure.orm.jpa.TestEntityManagerAutoConfiguration]], org.springframework.boot.test.context.SpringBootTestContextCustomizer@2989d4a, org.springframework.boot.test.context.filter.ExcludeFilterContextCustomizer@53c225b2, org.springframework.boot.test.json.DuplicateJsonObjectContextCustomizerFactory$DuplicateJsonObjectContextCustomizer@2438f0d, org.springframework.boot.test.mock.mockito.MockitoContextCustomizer@0], resourceBasePath = 'src/main/webapp', contextLoader = 'org.springframework.boot.test.context.SpringBootContextLoader', parent = [null]]].
2020-05-14 15:57:51.813  INFO 34594 --- [    Test worker] o.s.t.c.transaction.TransactionContext   : Began transaction (1) for test context [DefaultTestContext@48e2a96c testClass = RepositoryTest, testInstance = RepositoryTest@1a134771, testMethod = $spock_feature_0_2@RepositoryTest, testException = [null], mergedContextConfiguration = [WebMergedContextConfiguration@2d877f25 testClass = RepositoryTest, locations = '{}', classes = '{class autorota.AutorotaApplication, class autorota.AutorotaApplication}', contextInitializerClasses = '[]', activeProfiles = '{}', propertySourceLocations = '{}', propertySourceProperties = '{org.springframework.boot.test.context.SpringBootTestContextBootstrapper=true}', contextCustomizers = set[org.springframework.boot.test.autoconfigure.OverrideAutoConfigurationContextCustomizerFactory$DisableAutoConfigurationContextCustomizer@7c48a24d, org.springframework.boot.test.autoconfigure.filter.TypeExcludeFiltersContextCustomizer@351584c0, org.springframework.boot.test.autoconfigure.properties.PropertyMappingContextCustomizer@1e471502, org.springframework.boot.test.autoconfigure.web.servlet.WebDriverContextCustomizerFactory$Customizer@68fa43c3, [ImportsContextCustomizer@3b2f028b key = [org.springframework.boot.autoconfigure.cache.CacheAutoConfiguration, org.springframework.boot.autoconfigure.data.jpa.JpaRepositoriesAutoConfiguration, org.springframework.boot.autoconfigure.flyway.FlywayAutoConfiguration, org.springframework.boot.autoconfigure.jdbc.DataSourceAutoConfiguration, org.springframework.boot.autoconfigure.jdbc.DataSourceTransactionManagerAutoConfiguration, org.springframework.boot.autoconfigure.jdbc.JdbcTemplateAutoConfiguration, org.springframework.boot.autoconfigure.liquibase.LiquibaseAutoConfiguration, org.springframework.boot.autoconfigure.orm.jpa.HibernateJpaAutoConfiguration, org.springframework.boot.autoconfigure.transaction.TransactionAutoConfiguration, org.springframework.boot.test.autoconfigure.jdbc.TestDatabaseAutoConfiguration, org.springframework.boot.test.autoconfigure.orm.jpa.TestEntityManagerAutoConfiguration]], org.springframework.boot.test.context.SpringBootTestContextCustomizer@2989d4a, org.springframework.boot.test.context.filter.ExcludeFilterContextCustomizer@53c225b2, org.springframework.boot.test.json.DuplicateJsonObjectContextCustomizerFactory$DuplicateJsonObjectContextCustomizer@2438f0d, org.springframework.boot.test.mock.mockito.MockitoContextCustomizer@0], resourceBasePath = 'src/main/webapp', contextLoader = 'org.springframework.boot.test.context.SpringBootContextLoader', parent = [null]]]; transaction manager [org.springframework.orm.jpa.JpaTransactionManager@7726af0e]; rollback [true]
Hibernate: select day0_.id as id1_3_0_, day0_.api_called as api_call2_3_0_, day0_.bank_holiday as bank_hol3_3_0_, day0_.bank_holiday_title as bank_hol4_3_0_, day0_.date as date5_3_0_, day0_.no_bookings as no_booki6_3_0_, day0_.pop as pop7_3_0_, day0_.rota_id as rota_id10_3_0_, day0_.temp as temp8_3_0_, day0_.weather_des as weather_9_3_0_ from days day0_ where day0_.id=?
Hibernate: insert into days (id, api_called, bank_holiday, bank_holiday_title, date, no_bookings, pop, rota_id, temp, weather_des) values (null, ?, ?, ?, ?, ?, ?, ?, ?, ?)
Hibernate: select day0_.id as id1_3_, day0_.api_called as api_call2_3_, day0_.bank_holiday as bank_hol3_3_, day0_.bank_holiday_title as bank_hol4_3_, day0_.date as date5_3_, day0_.no_bookings as no_booki6_3_, day0_.pop as pop7_3_, day0_.rota_id as rota_id10_3_, day0_.temp as temp8_3_, day0_.weather_des as weather_9_3_ from days day0_ where day0_.id=?
2020-05-14 15:57:51.883  INFO 34594 --- [    Test worker] o.s.t.c.transaction.TransactionContext   : Rolled back transaction for test context [DefaultTestContext@48e2a96c testClass = RepositoryTest, testInstance = RepositoryTest@1a134771, testMethod = $spock_feature_0_2@RepositoryTest, testException = [null], mergedContextConfiguration = [WebMergedContextConfiguration@2d877f25 testClass = RepositoryTest, locations = '{}', classes = '{class autorota.AutorotaApplication, class autorota.AutorotaApplication}', contextInitializerClasses = '[]', activeProfiles = '{}', propertySourceLocations = '{}', propertySourceProperties = '{org.springframework.boot.test.context.SpringBootTestContextBootstrapper=true}', contextCustomizers = set[org.springframework.boot.test.autoconfigure.OverrideAutoConfigurationContextCustomizerFactory$DisableAutoConfigurationContextCustomizer@7c48a24d, org.springframework.boot.test.autoconfigure.filter.TypeExcludeFiltersContextCustomizer@351584c0, org.springframework.boot.test.autoconfigure.properties.PropertyMappingContextCustomizer@1e471502, org.springframework.boot.test.autoconfigure.web.servlet.WebDriverContextCustomizerFactory$Customizer@68fa43c3, [ImportsContextCustomizer@3b2f028b key = [org.springframework.boot.autoconfigure.cache.CacheAutoConfiguration, org.springframework.boot.autoconfigure.data.jpa.JpaRepositoriesAutoConfiguration, org.springframework.boot.autoconfigure.flyway.FlywayAutoConfiguration, org.springframework.boot.autoconfigure.jdbc.DataSourceAutoConfiguration, org.springframework.boot.autoconfigure.jdbc.DataSourceTransactionManagerAutoConfiguration, org.springframework.boot.autoconfigure.jdbc.JdbcTemplateAutoConfiguration, org.springframework.boot.autoconfigure.liquibase.LiquibaseAutoConfiguration, org.springframework.boot.autoconfigure.orm.jpa.HibernateJpaAutoConfiguration, org.springframework.boot.autoconfigure.transaction.TransactionAutoConfiguration, org.springframework.boot.test.autoconfigure.jdbc.TestDatabaseAutoConfiguration, org.springframework.boot.test.autoconfigure.orm.jpa.TestEntityManagerAutoConfiguration]], org.springframework.boot.test.context.SpringBootTestContextCustomizer@2989d4a, org.springframework.boot.test.context.filter.ExcludeFilterContextCustomizer@53c225b2, org.springframework.boot.test.json.DuplicateJsonObjectContextCustomizerFactory$DuplicateJsonObjectContextCustomizer@2438f0d, org.springframework.boot.test.mock.mockito.MockitoContextCustomizer@0], resourceBasePath = 'src/main/webapp', contextLoader = 'org.springframework.boot.test.context.SpringBootContextLoader', parent = [null]]].
2020-05-14 15:57:51.888  INFO 34594 --- [    Test worker] o.s.t.c.transaction.TransactionContext   : Began transaction (1) for test context [DefaultTestContext@48e2a96c testClass = RepositoryTest, testInstance = RepositoryTest@281b3b21, testMethod = $spock_feature_0_3@RepositoryTest, testException = [null], mergedContextConfiguration = [WebMergedContextConfiguration@2d877f25 testClass = RepositoryTest, locations = '{}', classes = '{class autorota.AutorotaApplication, class autorota.AutorotaApplication}', contextInitializerClasses = '[]', activeProfiles = '{}', propertySourceLocations = '{}', propertySourceProperties = '{org.springframework.boot.test.context.SpringBootTestContextBootstrapper=true}', contextCustomizers = set[org.springframework.boot.test.autoconfigure.OverrideAutoConfigurationContextCustomizerFactory$DisableAutoConfigurationContextCustomizer@7c48a24d, org.springframework.boot.test.autoconfigure.filter.TypeExcludeFiltersContextCustomizer@351584c0, org.springframework.boot.test.autoconfigure.properties.PropertyMappingContextCustomizer@1e471502, org.springframework.boot.test.autoconfigure.web.servlet.WebDriverContextCustomizerFactory$Customizer@68fa43c3, [ImportsContextCustomizer@3b2f028b key = [org.springframework.boot.autoconfigure.cache.CacheAutoConfiguration, org.springframework.boot.autoconfigure.data.jpa.JpaRepositoriesAutoConfiguration, org.springframework.boot.autoconfigure.flyway.FlywayAutoConfiguration, org.springframework.boot.autoconfigure.jdbc.DataSourceAutoConfiguration, org.springframework.boot.autoconfigure.jdbc.DataSourceTransactionManagerAutoConfiguration, org.springframework.boot.autoconfigure.jdbc.JdbcTemplateAutoConfiguration, org.springframework.boot.autoconfigure.liquibase.LiquibaseAutoConfiguration, org.springframework.boot.autoconfigure.orm.jpa.HibernateJpaAutoConfiguration, org.springframework.boot.autoconfigure.transaction.TransactionAutoConfiguration, org.springframework.boot.test.autoconfigure.jdbc.TestDatabaseAutoConfiguration, org.springframework.boot.test.autoconfigure.orm.jpa.TestEntityManagerAutoConfiguration]], org.springframework.boot.test.context.SpringBootTestContextCustomizer@2989d4a, org.springframework.boot.test.context.filter.ExcludeFilterContextCustomizer@53c225b2, org.springframework.boot.test.json.DuplicateJsonObjectContextCustomizerFactory$DuplicateJsonObjectContextCustomizer@2438f0d, org.springframework.boot.test.mock.mockito.MockitoContextCustomizer@0], resourceBasePath = 'src/main/webapp', contextLoader = 'org.springframework.boot.test.context.SpringBootContextLoader', parent = [null]]]; transaction manager [org.springframework.orm.jpa.JpaTransactionManager@7726af0e]; rollback [true]
Hibernate: select holiday0_.id as id1_4_0_, holiday0_.accepted as accepted2_4_0_, holiday0_.end_date as end_date3_4_0_, holiday0_.end_dates as end_date4_4_0_, holiday0_.start_date as start_da5_4_0_, holiday0_.start_dates as start_da6_4_0_, holiday0_.user_id as user_id7_4_0_ from holiday holiday0_ where holiday0_.id=?
Hibernate: insert into holiday (id, accepted, end_date, end_dates, start_date, start_dates, user_id) values (null, ?, ?, ?, ?, ?, ?)
Hibernate: select holiday0_.id as id1_4_, holiday0_.accepted as accepted2_4_, holiday0_.end_date as end_date3_4_, holiday0_.end_dates as end_date4_4_, holiday0_.start_date as start_da5_4_, holiday0_.start_dates as start_da6_4_, holiday0_.user_id as user_id7_4_ from holiday holiday0_ where holiday0_.id=?
2020-05-14 15:57:51.936  INFO 34594 --- [    Test worker] o.s.t.c.transaction.TransactionContext   : Rolled back transaction for test context [DefaultTestContext@48e2a96c testClass = RepositoryTest, testInstance = RepositoryTest@281b3b21, testMethod = $spock_feature_0_3@RepositoryTest, testException = [null], mergedContextConfiguration = [WebMergedContextConfiguration@2d877f25 testClass = RepositoryTest, locations = '{}', classes = '{class autorota.AutorotaApplication, class autorota.AutorotaApplication}', contextInitializerClasses = '[]', activeProfiles = '{}', propertySourceLocations = '{}', propertySourceProperties = '{org.springframework.boot.test.context.SpringBootTestContextBootstrapper=true}', contextCustomizers = set[org.springframework.boot.test.autoconfigure.OverrideAutoConfigurationContextCustomizerFactory$DisableAutoConfigurationContextCustomizer@7c48a24d, org.springframework.boot.test.autoconfigure.filter.TypeExcludeFiltersContextCustomizer@351584c0, org.springframework.boot.test.autoconfigure.properties.PropertyMappingContextCustomizer@1e471502, org.springframework.boot.test.autoconfigure.web.servlet.WebDriverContextCustomizerFactory$Customizer@68fa43c3, [ImportsContextCustomizer@3b2f028b key = [org.springframework.boot.autoconfigure.cache.CacheAutoConfiguration, org.springframework.boot.autoconfigure.data.jpa.JpaRepositoriesAutoConfiguration, org.springframework.boot.autoconfigure.flyway.FlywayAutoConfiguration, org.springframework.boot.autoconfigure.jdbc.DataSourceAutoConfiguration, org.springframework.boot.autoconfigure.jdbc.DataSourceTransactionManagerAutoConfiguration, org.springframework.boot.autoconfigure.jdbc.JdbcTemplateAutoConfiguration, org.springframework.boot.autoconfigure.liquibase.LiquibaseAutoConfiguration, org.springframework.boot.autoconfigure.orm.jpa.HibernateJpaAutoConfiguration, org.springframework.boot.autoconfigure.transaction.TransactionAutoConfiguration, org.springframework.boot.test.autoconfigure.jdbc.TestDatabaseAutoConfiguration, org.springframework.boot.test.autoconfigure.orm.jpa.TestEntityManagerAutoConfiguration]], org.springframework.boot.test.context.SpringBootTestContextCustomizer@2989d4a, org.springframework.boot.test.context.filter.ExcludeFilterContextCustomizer@53c225b2, org.springframework.boot.test.json.DuplicateJsonObjectContextCustomizerFactory$DuplicateJsonObjectContextCustomizer@2438f0d, org.springframework.boot.test.mock.mockito.MockitoContextCustomizer@0], resourceBasePath = 'src/main/webapp', contextLoader = 'org.springframework.boot.test.context.SpringBootContextLoader', parent = [null]]].
2020-05-14 15:57:51.981  INFO 34594 --- [    Test worker] o.s.t.c.transaction.TransactionContext   : Began transaction (1) for test context [DefaultTestContext@48e2a96c testClass = RepositoryTest, testInstance = RepositoryTest@4a6f72c5, testMethod = $spock_feature_0_3@RepositoryTest, testException = [null], mergedContextConfiguration = [WebMergedContextConfiguration@2d877f25 testClass = RepositoryTest, locations = '{}', classes = '{class autorota.AutorotaApplication, class autorota.AutorotaApplication}', contextInitializerClasses = '[]', activeProfiles = '{}', propertySourceLocations = '{}', propertySourceProperties = '{org.springframework.boot.test.context.SpringBootTestContextBootstrapper=true}', contextCustomizers = set[org.springframework.boot.test.autoconfigure.OverrideAutoConfigurationContextCustomizerFactory$DisableAutoConfigurationContextCustomizer@7c48a24d, org.springframework.boot.test.autoconfigure.filter.TypeExcludeFiltersContextCustomizer@351584c0, org.springframework.boot.test.autoconfigure.properties.PropertyMappingContextCustomizer@1e471502, org.springframework.boot.test.autoconfigure.web.servlet.WebDriverContextCustomizerFactory$Customizer@68fa43c3, [ImportsContextCustomizer@3b2f028b key = [org.springframework.boot.autoconfigure.cache.CacheAutoConfiguration, org.springframework.boot.autoconfigure.data.jpa.JpaRepositoriesAutoConfiguration, org.springframework.boot.autoconfigure.flyway.FlywayAutoConfiguration, org.springframework.boot.autoconfigure.jdbc.DataSourceAutoConfiguration, org.springframework.boot.autoconfigure.jdbc.DataSourceTransactionManagerAutoConfiguration, org.springframework.boot.autoconfigure.jdbc.JdbcTemplateAutoConfiguration, org.springframework.boot.autoconfigure.liquibase.LiquibaseAutoConfiguration, org.springframework.boot.autoconfigure.orm.jpa.HibernateJpaAutoConfiguration, org.springframework.boot.autoconfigure.transaction.TransactionAutoConfiguration, org.springframework.boot.test.autoconfigure.jdbc.TestDatabaseAutoConfiguration, org.springframework.boot.test.autoconfigure.orm.jpa.TestEntityManagerAutoConfiguration]], org.springframework.boot.test.context.SpringBootTestContextCustomizer@2989d4a, org.springframework.boot.test.context.filter.ExcludeFilterContextCustomizer@53c225b2, org.springframework.boot.test.json.DuplicateJsonObjectContextCustomizerFactory$DuplicateJsonObjectContextCustomizer@2438f0d, org.springframework.boot.test.mock.mockito.MockitoContextCustomizer@0], resourceBasePath = 'src/main/webapp', contextLoader = 'org.springframework.boot.test.context.SpringBootContextLoader', parent = [null]]]; transaction manager [org.springframework.orm.jpa.JpaTransactionManager@7726af0e]; rollback [true]
Hibernate: select holiday0_.id as id1_4_0_, holiday0_.accepted as accepted2_4_0_, holiday0_.end_date as end_date3_4_0_, holiday0_.end_dates as end_date4_4_0_, holiday0_.start_date as start_da5_4_0_, holiday0_.start_dates as start_da6_4_0_, holiday0_.user_id as user_id7_4_0_ from holiday holiday0_ where holiday0_.id=?
Hibernate: insert into holiday (id, accepted, end_date, end_dates, start_date, start_dates, user_id) values (null, ?, ?, ?, ?, ?, ?)
Hibernate: select holiday0_.id as id1_4_, holiday0_.accepted as accepted2_4_, holiday0_.end_date as end_date3_4_, holiday0_.end_dates as end_date4_4_, holiday0_.start_date as start_da5_4_, holiday0_.start_dates as start_da6_4_, holiday0_.user_id as user_id7_4_ from holiday holiday0_ where holiday0_.id=?
2020-05-14 15:57:52.046  INFO 34594 --- [    Test worker] o.s.t.c.transaction.TransactionContext   : Rolled back transaction for test context [DefaultTestContext@48e2a96c testClass = RepositoryTest, testInstance = RepositoryTest@4a6f72c5, testMethod = $spock_feature_0_3@RepositoryTest, testException = [null], mergedContextConfiguration = [WebMergedContextConfiguration@2d877f25 testClass = RepositoryTest, locations = '{}', classes = '{class autorota.AutorotaApplication, class autorota.AutorotaApplication}', contextInitializerClasses = '[]', activeProfiles = '{}', propertySourceLocations = '{}', propertySourceProperties = '{org.springframework.boot.test.context.SpringBootTestContextBootstrapper=true}', contextCustomizers = set[org.springframework.boot.test.autoconfigure.OverrideAutoConfigurationContextCustomizerFactory$DisableAutoConfigurationContextCustomizer@7c48a24d, org.springframework.boot.test.autoconfigure.filter.TypeExcludeFiltersContextCustomizer@351584c0, org.springframework.boot.test.autoconfigure.properties.PropertyMappingContextCustomizer@1e471502, org.springframework.boot.test.autoconfigure.web.servlet.WebDriverContextCustomizerFactory$Customizer@68fa43c3, [ImportsContextCustomizer@3b2f028b key = [org.springframework.boot.autoconfigure.cache.CacheAutoConfiguration, org.springframework.boot.autoconfigure.data.jpa.JpaRepositoriesAutoConfiguration, org.springframework.boot.autoconfigure.flyway.FlywayAutoConfiguration, org.springframework.boot.autoconfigure.jdbc.DataSourceAutoConfiguration, org.springframework.boot.autoconfigure.jdbc.DataSourceTransactionManagerAutoConfiguration, org.springframework.boot.autoconfigure.jdbc.JdbcTemplateAutoConfiguration, org.springframework.boot.autoconfigure.liquibase.LiquibaseAutoConfiguration, org.springframework.boot.autoconfigure.orm.jpa.HibernateJpaAutoConfiguration, org.springframework.boot.autoconfigure.transaction.TransactionAutoConfiguration, org.springframework.boot.test.autoconfigure.jdbc.TestDatabaseAutoConfiguration, org.springframework.boot.test.autoconfigure.orm.jpa.TestEntityManagerAutoConfiguration]], org.springframework.boot.test.context.SpringBootTestContextCustomizer@2989d4a, org.springframework.boot.test.context.filter.ExcludeFilterContextCustomizer@53c225b2, org.springframework.boot.test.json.DuplicateJsonObjectContextCustomizerFactory$DuplicateJsonObjectContextCustomizer@2438f0d, org.springframework.boot.test.mock.mockito.MockitoContextCustomizer@0], resourceBasePath = 'src/main/webapp', contextLoader = 'org.springframework.boot.test.context.SpringBootContextLoader', parent = [null]]].
[...]
Hibernate: update users set availability_id=?, business_id=?, confirm_password=?, dob=?, email=?, forename=?, job_title=?, lastname=?, password=?, password_change=?, phone_num=?, role_id=?, salary=? where id=?
Hibernate: select userinfo0_.id as id1_9_, userinfo0_.availability_id as availab12_9_, userinfo0_.business_id as busines13_9_, userinfo0_.confirm_password as confirm_2_9_, userinfo0_.dob as dob3_9_, userinfo0_.email as email4_9_, userinfo0_.forename as forename5_9_, userinfo0_.job_title as job_titl6_9_, userinfo0_.lastname as lastname7_9_, userinfo0_.password as password8_9_, userinfo0_.password_change as password9_9_, userinfo0_.phone_num as phone_n10_9_, userinfo0_.role_id as role_id14_9_, userinfo0_.salary as salary11_9_ from users userinfo0_ where userinfo0_.id=?
2020-05-14 15:57:52.816  INFO 34594 --- [    Test worker] o.s.t.c.transaction.TransactionContext   : Rolled back transaction for test context [DefaultTestContext@48e2a96c testClass = RepositoryTest, testInstance = RepositoryTest@4718c5f7, testMethod = $spock_feature_0_7@RepositoryTest, testException = [null], mergedContextConfiguration = [WebMergedContextConfiguration@2d877f25 testClass = RepositoryTest, locations = '{}', classes = '{class autorota.AutorotaApplication, class autorota.AutorotaApplication}', contextInitializerClasses = '[]', activeProfiles = '{}', propertySourceLocations = '{}', propertySourceProperties = '{org.springframework.boot.test.context.SpringBootTestContextBootstrapper=true}', contextCustomizers = set[org.springframework.boot.test.autoconfigure.OverrideAutoConfigurationContextCustomizerFactory$DisableAutoConfigurationContextCustomizer@7c48a24d, org.springframework.boot.test.autoconfigure.filter.TypeExcludeFiltersContextCustomizer@351584c0, org.springframework.boot.test.autoconfigure.properties.PropertyMappingContextCustomizer@1e471502, org.springframework.boot.test.autoconfigure.web.servlet.WebDriverContextCustomizerFactory$Customizer@68fa43c3, [ImportsContextCustomizer@3b2f028b key = [org.springframework.boot.autoconfigure.cache.CacheAutoConfiguration, org.springframework.boot.autoconfigure.data.jpa.JpaRepositoriesAutoConfiguration, org.springframework.boot.autoconfigure.flyway.FlywayAutoConfiguration, org.springframework.boot.autoconfigure.jdbc.DataSourceAutoConfiguration, org.springframework.boot.autoconfigure.jdbc.DataSourceTransactionManagerAutoConfiguration, org.springframework.boot.autoconfigure.jdbc.JdbcTemplateAutoConfiguration, org.springframework.boot.autoconfigure.liquibase.LiquibaseAutoConfiguration, org.springframework.boot.autoconfigure.orm.jpa.HibernateJpaAutoConfiguration, org.springframework.boot.autoconfigure.transaction.TransactionAutoConfiguration, org.springframework.boot.test.autoconfigure.jdbc.TestDatabaseAutoConfiguration, org.springframework.boot.test.autoconfigure.orm.jpa.TestEntityManagerAutoConfiguration]], org.springframework.boot.test.context.SpringBootTestContextCustomizer@2989d4a, org.springframework.boot.test.context.filter.ExcludeFilterContextCustomizer@53c225b2, org.springframework.boot.test.json.DuplicateJsonObjectContextCustomizerFactory$DuplicateJsonObjectContextCustomizer@2438f0d, org.springframework.boot.test.mock.mockito.MockitoContextCustomizer@0], resourceBasePath = 'src/main/webapp', contextLoader = 'org.springframework.boot.test.context.SpringBootContextLoader', parent = [null]]].
2020-05-14 15:57:52.821  INFO 34594 --- [    Test worker] o.s.t.c.transaction.TransactionContext   : Began transaction (1) for test context [DefaultTestContext@48e2a96c testClass = RepositoryTest, testInstance = RepositoryTest@1ed846e5, testMethod = $spock_feature_0_7@RepositoryTest, testException = [null], mergedContextConfiguration = [WebMergedContextConfiguration@2d877f25 testClass = RepositoryTest, locations = '{}', classes = '{class autorota.AutorotaApplication, class autorota.AutorotaApplication}', contextInitializerClasses = '[]', activeProfiles = '{}', propertySourceLocations = '{}', propertySourceProperties = '{org.springframework.boot.test.context.SpringBootTestContextBootstrapper=true}', contextCustomizers = set[org.springframework.boot.test.autoconfigure.OverrideAutoConfigurationContextCustomizerFactory$DisableAutoConfigurationContextCustomizer@7c48a24d, org.springframework.boot.test.autoconfigure.filter.TypeExcludeFiltersContextCustomizer@351584c0, org.springframework.boot.test.autoconfigure.properties.PropertyMappingContextCustomizer@1e471502, org.springframework.boot.test.autoconfigure.web.servlet.WebDriverContextCustomizerFactory$Customizer@68fa43c3, [ImportsContextCustomizer@3b2f028b key = [org.springframework.boot.autoconfigure.cache.CacheAutoConfiguration, org.springframework.boot.autoconfigure.data.jpa.JpaRepositoriesAutoConfiguration, org.springframework.boot.autoconfigure.flyway.FlywayAutoConfiguration, org.springframework.boot.autoconfigure.jdbc.DataSourceAutoConfiguration, org.springframework.boot.autoconfigure.jdbc.DataSourceTransactionManagerAutoConfiguration, org.springframework.boot.autoconfigure.jdbc.JdbcTemplateAutoConfiguration, org.springframework.boot.autoconfigure.liquibase.LiquibaseAutoConfiguration, org.springframework.boot.autoconfigure.orm.jpa.HibernateJpaAutoConfiguration, org.springframework.boot.autoconfigure.transaction.TransactionAutoConfiguration, org.springframework.boot.test.autoconfigure.jdbc.TestDatabaseAutoConfiguration, org.springframework.boot.test.autoconfigure.orm.jpa.TestEntityManagerAutoConfiguration]], org.springframework.boot.test.context.SpringBootTestContextCustomizer@2989d4a, org.springframework.boot.test.context.filter.ExcludeFilterContextCustomizer@53c225b2, org.springframework.boot.test.json.DuplicateJsonObjectContextCustomizerFactory$DuplicateJsonObjectContextCustomizer@2438f0d, org.springframework.boot.test.mock.mockito.MockitoContextCustomizer@0], resourceBasePath = 'src/main/webapp', contextLoader = 'org.springframework.boot.test.context.SpringBootContextLoader', parent = [null]]]; transaction manager [org.springframework.orm.jpa.JpaTransactionManager@7726af0e]; rollback [true]
Hibernate: select userinfo0_.id as id1_9_1_, userinfo0_.availability_id as availab12_9_1_, userinfo0_.business_id as busines13_9_1_, userinfo0_.confirm_password as confirm_2_9_1_, userinfo0_.dob as dob3_9_1_, userinfo0_.email as email4_9_1_, userinfo0_.forename as forename5_9_1_, userinfo0_.job_title as job_titl6_9_1_, userinfo0_.lastname as lastname7_9_1_, userinfo0_.password as password8_9_1_, userinfo0_.password_change as password9_9_1_, userinfo0_.phone_num as phone_n10_9_1_, userinfo0_.role_id as role_id14_9_1_, userinfo0_.salary as salary11_9_1_, business1_.id as id1_2_0_, business1_.city as city2_2_0_, business1_.country as country3_2_0_, business1_.name as name4_2_0_ from users userinfo0_ left outer join business business1_ on userinfo0_.business_id=business1_.id where userinfo0_.id=?
Hibernate: select availabili0_.id as id1_0_0_, availabili0_.fri as fri2_0_0_, availabili0_.mon as mon3_0_0_, availabili0_.sat as sat4_0_0_, availabili0_.sun as sun5_0_0_, availabili0_.thu as thu6_0_0_, availabili0_.tue as tue7_0_0_, availabili0_.wed as wed8_0_0_ from availability availabili0_ where availabili0_.id=?
Hibernate: select userinfo0_.id as id1_9_3_, userinfo0_.availability_id as availab12_9_3_, userinfo0_.business_id as busines13_9_3_, userinfo0_.confirm_password as confirm_2_9_3_, userinfo0_.dob as dob3_9_3_, userinfo0_.email as email4_9_3_, userinfo0_.forename as forename5_9_3_, userinfo0_.job_title as job_titl6_9_3_, userinfo0_.lastname as lastname7_9_3_, userinfo0_.password as password8_9_3_, userinfo0_.password_change as password9_9_3_, userinfo0_.phone_num as phone_n10_9_3_, userinfo0_.role_id as role_id14_9_3_, userinfo0_.salary as salary11_9_3_, availabili1_.id as id1_0_0_, availabili1_.fri as fri2_0_0_, availabili1_.mon as mon3_0_0_, availabili1_.sat as sat4_0_0_, availabili1_.sun as sun5_0_0_, availabili1_.thu as thu6_0_0_, availabili1_.tue as tue7_0_0_, availabili1_.wed as wed8_0_0_, business2_.id as id1_2_1_, business2_.city as city2_2_1_, business2_.country as country3_2_1_, business2_.name as name4_2_1_, role3_.id as id1_5_2_, role3_.role as role2_5_2_ from users userinfo0_ left outer join availability availabili1_ on userinfo0_.availability_id=availabili1_.id left outer join business business2_ on userinfo0_.business_id=business2_.id left outer join roles role3_ on userinfo0_.role_id=role3_.id where userinfo0_.availability_id=?
Hibernate: update users set availability_id=?, business_id=?, confirm_password=?, dob=?, email=?, forename=?, job_title=?, lastname=?, password=?, password_change=?, phone_num=?, role_id=?, salary=? where id=?
Hibernate: select userinfo0_.id as id1_9_, userinfo0_.availability_id as availab12_9_, userinfo0_.business_id as busines13_9_, userinfo0_.confirm_password as confirm_2_9_, userinfo0_.dob as dob3_9_, userinfo0_.email as email4_9_, userinfo0_.forename as forename5_9_, userinfo0_.job_title as job_titl6_9_, userinfo0_.lastname as lastname7_9_, userinfo0_.password as password8_9_, userinfo0_.password_change as password9_9_, userinfo0_.phone_num as phone_n10_9_, userinfo0_.role_id as role_id14_9_, userinfo0_.salary as salary11_9_ from users userinfo0_ where userinfo0_.id=?
2020-05-14 15:57:53.123  INFO 34594 --- [    Test worker] o.s.t.c.transaction.TransactionContext   : Rolled back transaction for test context [DefaultTestContext@48e2a96c testClass = RepositoryTest, testInstance = RepositoryTest@1ed846e5, testMethod = $spock_feature_0_7@RepositoryTest, testException = [null], mergedContextConfiguration = [WebMergedContextConfiguration@2d877f25 testClass = RepositoryTest, locations = '{}', classes = '{class autorota.AutorotaApplication, class autorota.AutorotaApplication}', contextInitializerClasses = '[]', activeProfiles = '{}', propertySourceLocations = '{}', propertySourceProperties = '{org.springframework.boot.test.context.SpringBootTestContextBootstrapper=true}', contextCustomizers = set[org.springframework.boot.test.autoconfigure.OverrideAutoConfigurationContextCustomizerFactory$DisableAutoConfigurationContextCustomizer@7c48a24d, org.springframework.boot.test.autoconfigure.filter.TypeExcludeFiltersContextCustomizer@351584c0, org.springframework.boot.test.autoconfigure.properties.PropertyMappingContextCustomizer@1e471502, org.springframework.boot.test.autoconfigure.web.servlet.WebDriverContextCustomizerFactory$Customizer@68fa43c3, [ImportsContextCustomizer@3b2f028b key = [org.springframework.boot.autoconfigure.cache.CacheAutoConfiguration, org.springframework.boot.autoconfigure.data.jpa.JpaRepositoriesAutoConfiguration, org.springframework.boot.autoconfigure.flyway.FlywayAutoConfiguration, org.springframework.boot.autoconfigure.jdbc.DataSourceAutoConfiguration, org.springframework.boot.autoconfigure.jdbc.DataSourceTransactionManagerAutoConfiguration, org.springframework.boot.autoconfigure.jdbc.JdbcTemplateAutoConfiguration, org.springframework.boot.autoconfigure.liquibase.LiquibaseAutoConfiguration, org.springframework.boot.autoconfigure.orm.jpa.HibernateJpaAutoConfiguration, org.springframework.boot.autoconfigure.transaction.TransactionAutoConfiguration, org.springframework.boot.test.autoconfigure.jdbc.TestDatabaseAutoConfiguration, org.springframework.boot.test.autoconfigure.orm.jpa.TestEntityManagerAutoConfiguration]], org.springframework.boot.test.context.SpringBootTestContextCustomizer@2989d4a, org.springframework.boot.test.context.filter.ExcludeFilterContextCustomizer@53c225b2, org.springframework.boot.test.json.DuplicateJsonObjectContextCustomizerFactory$DuplicateJsonObjectContextCustomizer@2438f0d, org.springframework.boot.test.mock.mockito.MockitoContextCustomizer@0], resourceBasePath = 'src/main/webapp', contextLoader = 'org.springframework.boot.test.context.SpringBootContextLoader', parent = [null]]].
2020-05-14 15:57:53.126  INFO 34594 --- [    Test worker] o.s.t.c.transaction.TransactionContext   : Began transaction (1) for test context [DefaultTestContext@48e2a96c testClass = RepositoryTest, testInstance = RepositoryTest@c03723, testMethod = $spock_feature_0_7@RepositoryTest, testException = [null], mergedContextConfiguration = [WebMergedContextConfiguration@2d877f25 testClass = RepositoryTest, locations = '{}', classes = '{class autorota.AutorotaApplication, class autorota.AutorotaApplication}', contextInitializerClasses = '[]', activeProfiles = '{}', propertySourceLocations = '{}', propertySourceProperties = '{org.springframework.boot.test.context.SpringBootTestContextBootstrapper=true}', contextCustomizers = set[org.springframework.boot.test.autoconfigure.OverrideAutoConfigurationContextCustomizerFactory$DisableAutoConfigurationContextCustomizer@7c48a24d, org.springframework.boot.test.autoconfigure.filter.TypeExcludeFiltersContextCustomizer@351584c0, org.springframework.boot.test.autoconfigure.properties.PropertyMappingContextCustomizer@1e471502, org.springframework.boot.test.autoconfigure.web.servlet.WebDriverContextCustomizerFactory$Customizer@68fa43c3, [ImportsContextCustomizer@3b2f028b key = [org.springframework.boot.autoconfigure.cache.CacheAutoConfiguration, org.springframework.boot.autoconfigure.data.jpa.JpaRepositoriesAutoConfiguration, org.springframework.boot.autoconfigure.flyway.FlywayAutoConfiguration, org.springframework.boot.autoconfigure.jdbc.DataSourceAutoConfiguration, org.springframework.boot.autoconfigure.jdbc.DataSourceTransactionManagerAutoConfiguration, org.springframework.boot.autoconfigure.jdbc.JdbcTemplateAutoConfiguration, org.springframework.boot.autoconfigure.liquibase.LiquibaseAutoConfiguration, org.springframework.boot.autoconfigure.orm.jpa.HibernateJpaAutoConfiguration, org.springframework.boot.autoconfigure.transaction.TransactionAutoConfiguration, org.springframework.boot.test.autoconfigure.jdbc.TestDatabaseAutoConfiguration, org.springframework.boot.test.autoconfigure.orm.jpa.TestEntityManagerAutoConfiguration]], org.springframework.boot.test.context.SpringBootTestContextCustomizer@2989d4a, org.springframework.boot.test.context.filter.ExcludeFilterContextCustomizer@53c225b2, org.springframework.boot.test.json.DuplicateJsonObjectContextCustomizerFactory$DuplicateJsonObjectContextCustomizer@2438f0d, org.springframework.boot.test.mock.mockito.MockitoContextCustomizer@0], resourceBasePath = 'src/main/webapp', contextLoader = 'org.springframework.boot.test.context.SpringBootContextLoader', parent = [null]]]; transaction manager [org.springframework.orm.jpa.JpaTransactionManager@7726af0e]; rollback [true]
Hibernate: select userinfo0_.id as id1_9_1_, userinfo0_.availability_id as availab12_9_1_, userinfo0_.business_id as busines13_9_1_, userinfo0_.confirm_password as confirm_2_9_1_, userinfo0_.dob as dob3_9_1_, userinfo0_.email as email4_9_1_, userinfo0_.forename as forename5_9_1_, userinfo0_.job_title as job_titl6_9_1_, userinfo0_.lastname as lastname7_9_1_, userinfo0_.password as password8_9_1_, userinfo0_.password_change as password9_9_1_, userinfo0_.phone_num as phone_n10_9_1_, userinfo0_.role_id as role_id14_9_1_, userinfo0_.salary as salary11_9_1_, business1_.id as id1_2_0_, business1_.city as city2_2_0_, business1_.country as country3_2_0_, business1_.name as name4_2_0_ from users userinfo0_ left outer join business business1_ on userinfo0_.business_id=business1_.id where userinfo0_.id=?
Hibernate: insert into users (id, availability_id, business_id, confirm_password, dob, email, forename, job_title, lastname, password, password_change, phone_num, role_id, salary) values (null, ?, ?, ?, ?, ?, ?, ?, ?, ?, ?, ?, ?, ?)
Hibernate: select userinfo0_.id as id1_9_, userinfo0_.availability_id as availab12_9_, userinfo0_.business_id as busines13_9_, userinfo0_.confirm_password as confirm_2_9_, userinfo0_.dob as dob3_9_, userinfo0_.email as email4_9_, userinfo0_.forename as forename5_9_, userinfo0_.job_title as job_titl6_9_, userinfo0_.lastname as lastname7_9_, userinfo0_.password as password8_9_, userinfo0_.password_change as password9_9_, userinfo0_.phone_num as phone_n10_9_, userinfo0_.role_id as role_id14_9_, userinfo0_.salary as salary11_9_ from users userinfo0_ where userinfo0_.id=?
2020-05-14 15:57:53.157  INFO 34594 --- [    Test worker] o.s.t.c.transaction.TransactionContext   : Rolled back transaction for test context [DefaultTestContext@48e2a96c testClass = RepositoryTest, testInstance = RepositoryTest@c03723, testMethod = $spock_feature_0_7@RepositoryTest, testException = [null], mergedContextConfiguration = [WebMergedContextConfiguration@2d877f25 testClass = RepositoryTest, locations = '{}', classes = '{class autorota.AutorotaApplication, class autorota.AutorotaApplication}', contextInitializerClasses = '[]', activeProfiles = '{}', propertySourceLocations = '{}', propertySourceProperties = '{org.springframework.boot.test.context.SpringBootTestContextBootstrapper=true}', contextCustomizers = set[org.springframework.boot.test.autoconfigure.OverrideAutoConfigurationContextCustomizerFactory$DisableAutoConfigurationContextCustomizer@7c48a24d, org.springframework.boot.test.autoconfigure.filter.TypeExcludeFiltersContextCustomizer@351584c0, org.springframework.boot.test.autoconfigure.properties.PropertyMappingContextCustomizer@1e471502, org.springframework.boot.test.autoconfigure.web.servlet.WebDriverContextCustomizerFactory$Customizer@68fa43c3, [ImportsContextCustomizer@3b2f028b key = [org.springframework.boot.autoconfigure.cache.CacheAutoConfiguration, org.springframework.boot.autoconfigure.data.jpa.JpaRepositoriesAutoConfiguration, org.springframework.boot.autoconfigure.flyway.FlywayAutoConfiguration, org.springframework.boot.autoconfigure.jdbc.DataSourceAutoConfiguration, org.springframework.boot.autoconfigure.jdbc.DataSourceTransactionManagerAutoConfiguration, org.springframework.boot.autoconfigure.jdbc.JdbcTemplateAutoConfiguration, org.springframework.boot.autoconfigure.liquibase.LiquibaseAutoConfiguration, org.springframework.boot.autoconfigure.orm.jpa.HibernateJpaAutoConfiguration, org.springframework.boot.autoconfigure.transaction.TransactionAutoConfiguration, org.springframework.boot.test.autoconfigure.jdbc.TestDatabaseAutoConfiguration, org.springframework.boot.test.autoconfigure.orm.jpa.TestEntityManagerAutoConfiguration]], org.springframework.boot.test.context.SpringBootTestContextCustomizer@2989d4a, org.springframework.boot.test.context.filter.ExcludeFilterContextCustomizer@53c225b2, org.springframework.boot.test.json.DuplicateJsonObjectContextCustomizerFactory$DuplicateJsonObjectContextCustomizer@2438f0d, org.springframework.boot.test.mock.mockito.MockitoContextCustomizer@0], resourceBasePath = 'src/main/webapp', contextLoader = 'org.springframework.boot.test.context.SpringBootContextLoader', parent = [null]]].
]]></system-out>
  <system-err><![CDATA[]]></system-err>
</testsuite>
